<?xml version="1.0" encoding="UTF-8"?>
<robot generator="Robot 5.0.1 (Python 3.8.10 on win32)" generated="20230517 15:31:18.097" rpa="true" schemaversion="3">
<suite id="s1" name="Order Robot" source="C:\Users\Bhavya Soni\PycharmProjects\my-rsb-robot\tasks\order_robot.robot">
<test id="s1-t1" name="Order robots from RobotSpareBin Industries Inc" line="23">
<kw name="Open the intranet website">
<kw name="Create Webdriver" library="RPA.Browser.Selenium">
<arg>Chrome</arg>
<arg>executable_path=C:/Users/Bhavya Soni/chromedriver_win32/chromedriver.exe</arg>
<doc>Creates an instance of Selenium WebDriver.</doc>
<msg timestamp="20230517 15:31:18.726" level="INFO">Creating an instance of the Chrome WebDriver.</msg>
<status status="PASS" starttime="20230517 15:31:18.726" endtime="20230517 15:31:19.734"/>
</kw>
<kw name="Go To" library="RPA.Browser.Selenium">
<arg>https://robotsparebinindustries.com/#/robot-order</arg>
<doc>Navigates the current browser window to the provided ``url``.</doc>
<msg timestamp="20230517 15:31:19.734" level="INFO">Opening url 'https://robotsparebinindustries.com/#/robot-order'</msg>
<status status="PASS" starttime="20230517 15:31:19.734" endtime="20230517 15:31:20.862"/>
</kw>
<status status="PASS" starttime="20230517 15:31:18.726" endtime="20230517 15:31:20.862"/>
</kw>
<kw name="Get orders">
<var>${orders}</var>
<kw name="Download" library="RPA.HTTP">
<arg>https://robotsparebinindustries.com/orders.csv</arg>
<arg>overwrite=True</arg>
<doc>An alias for the ``HTTP Get`` keyword.</doc>
<msg timestamp="20230517 15:31:20.865" level="INFO">Creating a new HTTP session</msg>
<msg timestamp="20230517 15:31:20.865" level="INFO">Creating Session using : alias=rpasession_alias.httpsrobotsparebinindustries.com, url=https://robotsparebinindustries.com, headers={},                     cookies={}, auth=None, timeout=None, proxies=None, verify=True,                     debug=0 </msg>
<status status="PASS" starttime="20230517 15:31:20.863" endtime="20230517 15:31:21.150"/>
</kw>
<kw name="Read table from CSV" library="RPA.Tables">
<var>${table}</var>
<arg>${OUTPUT_DIR}${/}orders.csv</arg>
<doc>Read a CSV file as a table.</doc>
<msg timestamp="20230517 15:31:21.153" level="INFO">${table} = Table(columns=['Order number', 'Head', 'Body', 'Legs', 'Address'], rows=20)</msg>
<status status="PASS" starttime="20230517 15:31:21.150" endtime="20230517 15:31:21.153"/>
</kw>
<msg timestamp="20230517 15:31:21.154" level="INFO">${orders} = Table(columns=['Order number', 'Head', 'Body', 'Legs', 'Address'], rows=20)</msg>
<status status="PASS" starttime="20230517 15:31:20.863" endtime="20230517 15:31:21.154"/>
</kw>
<for flavor="IN">
<var>${row}</var>
<value>@{orders}</value>
<iter>
<var name="${row}">{'Order number': '1', 'Head': '1', 'Body': '2', 'Legs': '3', 'Address': 'Address 123'}</var>
<kw name="Close the annoying modal">
<kw name="Wait And Click Button" library="RPA.Browser.Selenium">
<arg>//div[@role='dialog']//button[1]</arg>
<doc>Click button identified by ``locator``, once it becomes visible.</doc>
<msg timestamp="20230517 15:31:21.180" level="INFO">Clicking button '//div[@role='dialog']//button[1]'.</msg>
<status status="PASS" starttime="20230517 15:31:21.154" endtime="20230517 15:31:21.221"/>
</kw>
<status status="PASS" starttime="20230517 15:31:21.154" endtime="20230517 15:31:21.221"/>
</kw>
<kw name="Fill the form">
<arg>${row}</arg>
<kw name="Wait Until Element Is Visible" library="RPA.Browser.Selenium">
<arg>//*[@id="head"]</arg>
<doc>Waits until the element ``locator`` is visible.</doc>
<status status="PASS" starttime="20230517 15:31:21.222" endtime="20230517 15:31:21.239"/>
</kw>
<kw name="Wait Until Element Is Enabled" library="RPA.Browser.Selenium">
<arg>//*[@id="head"]</arg>
<doc>Waits until the element ``locator`` is enabled.</doc>
<status status="PASS" starttime="20230517 15:31:21.239" endtime="20230517 15:31:21.259"/>
</kw>
<kw name="Select From List By Value" library="RPA.Browser.Selenium">
<arg>//*[@id="head"]</arg>
<arg>${myrow}[Head]</arg>
<doc>Selects options from selection list ``locator`` by ``values``.</doc>
<msg timestamp="20230517 15:31:21.259" level="INFO">Selecting options from selection list '//*[@id="head"]' by value 1.</msg>
<status status="PASS" starttime="20230517 15:31:21.259" endtime="20230517 15:31:21.302"/>
</kw>
<kw name="Wait Until Element Is Enabled" library="RPA.Browser.Selenium">
<arg>body</arg>
<doc>Waits until the element ``locator`` is enabled.</doc>
<status status="PASS" starttime="20230517 15:31:21.302" endtime="20230517 15:31:21.333"/>
</kw>
<kw name="Select Radio Button" library="RPA.Browser.Selenium">
<arg>body</arg>
<arg>${myrow}[Body]</arg>
<doc>Sets the radio button group ``group_name`` to ``value``.</doc>
<msg timestamp="20230517 15:31:21.334" level="INFO">Selecting '2' from radio button 'body'.</msg>
<status status="PASS" starttime="20230517 15:31:21.333" endtime="20230517 15:31:21.379"/>
</kw>
<kw name="Wait Until Element Is Enabled" library="RPA.Browser.Selenium">
<arg>//html/body/div/div/div[1]/div/div[1]/form/div[3]/input</arg>
<doc>Waits until the element ``locator`` is enabled.</doc>
<status status="PASS" starttime="20230517 15:31:21.379" endtime="20230517 15:31:21.400"/>
</kw>
<kw name="Input Text" library="RPA.Browser.Selenium">
<arg>//html/body/div/div/div[1]/div/div[1]/form/div[3]/input</arg>
<arg>${myrow}[Legs]</arg>
<doc>Types the given ``text`` into the text field identified by ``locator``.</doc>
<msg timestamp="20230517 15:31:21.401" level="INFO">Typing text '3' into text field '//html/body/div/div/div[1]/div/div[1]/form/div[3]/input'.</msg>
<status status="PASS" starttime="20230517 15:31:21.400" endtime="20230517 15:31:21.476"/>
</kw>
<kw name="Wait Until Element Is Enabled" library="RPA.Browser.Selenium">
<arg>address</arg>
<doc>Waits until the element ``locator`` is enabled.</doc>
<status status="PASS" starttime="20230517 15:31:21.476" endtime="20230517 15:31:21.504"/>
</kw>
<kw name="Input Text" library="RPA.Browser.Selenium">
<arg>address</arg>
<arg>${myrow}[Address]</arg>
<doc>Types the given ``text`` into the text field identified by ``locator``.</doc>
<msg timestamp="20230517 15:31:21.504" level="INFO">Typing text 'Address 123' into text field 'address'.</msg>
<status status="PASS" starttime="20230517 15:31:21.504" endtime="20230517 15:31:21.582"/>
</kw>
<status status="PASS" starttime="20230517 15:31:21.221" endtime="20230517 15:31:21.582"/>
</kw>
<kw name="Wait Until Keyword Succeeds" library="BuiltIn">
<arg>10x</arg>
<arg>2s</arg>
<arg>Preview the order</arg>
<doc>Runs the specified keyword and retries if it fails.</doc>
<kw name="Preview the order">
<kw name="Click Button" library="RPA.Browser.Selenium">
<arg>(//button[@id='preview'])[1]</arg>
<doc>Clicks the button identified by ``locator``.</doc>
<msg timestamp="20230517 15:31:21.583" level="INFO">Clicking button '(//button[@id='preview'])[1]'.</msg>
<status status="PASS" starttime="20230517 15:31:21.583" endtime="20230517 15:31:21.633"/>
</kw>
<kw name="Wait Until Element Is Visible" library="RPA.Browser.Selenium">
<arg>(//div[@id='robot-preview'])[1]</arg>
<doc>Waits until the element ``locator`` is visible.</doc>
<status status="PASS" starttime="20230517 15:31:21.633" endtime="20230517 15:31:21.650"/>
</kw>
<status status="PASS" starttime="20230517 15:31:21.582" endtime="20230517 15:31:21.650"/>
</kw>
<status status="PASS" starttime="20230517 15:31:21.582" endtime="20230517 15:31:21.650"/>
</kw>
<kw name="Wait Until Keyword Succeeds" library="BuiltIn">
<arg>10x</arg>
<arg>2s</arg>
<arg>Submit The Order</arg>
<doc>Runs the specified keyword and retries if it fails.</doc>
<kw name="Submit the order">
<kw name="Mute Run On Failure" library="RPA.RobotLogListener">
<arg>Page Should Contain Element</arg>
<doc>Set keywords which should not execute `SeleniumLibrary`
default behaviour of running keyword on failure.</doc>
<kw name="Get Library Instance" library="BuiltIn">
<arg>RPA.Browser</arg>
<doc>Returns the currently active instance of the specified library.</doc>
<msg timestamp="20230517 15:31:21.652" level="FAIL">No library 'RPA.Browser' found.</msg>
<status status="FAIL" starttime="20230517 15:31:21.652" endtime="20230517 15:31:21.654"/>
</kw>
<kw name="Get Library Instance" library="BuiltIn">
<arg>RPA.Browser.Selenium</arg>
<doc>Returns the currently active instance of the specified library.</doc>
<status status="PASS" starttime="20230517 15:31:21.655" endtime="20230517 15:31:21.655"/>
</kw>
<status status="PASS" starttime="20230517 15:31:21.651" endtime="20230517 15:31:21.655"/>
</kw>
<kw name="Click Button" library="RPA.Browser.Selenium">
<arg>Order</arg>
<doc>Clicks the button identified by ``locator``.</doc>
<msg timestamp="20230517 15:31:21.655" level="INFO">Clicking button 'Order'.</msg>
<status status="PASS" starttime="20230517 15:31:21.655" endtime="20230517 15:31:21.707"/>
</kw>
<kw name="Page Should Contain Element" library="RPA.Browser.Selenium">
<arg>(//div[@id='receipt'])[1]</arg>
<doc>Verifies that element ``locator`` is found on the current page.</doc>
<msg timestamp="20230517 15:31:21.707" level="INFO">No keyword will be run on failure.</msg>
<msg timestamp="20230517 15:31:21.719" level="INFO">Current page contains element '(//div[@id='receipt'])[1]'.</msg>
<msg timestamp="20230517 15:31:21.719" level="INFO">Capture Page Screenshot will be run on failure.</msg>
<status status="PASS" starttime="20230517 15:31:21.707" endtime="20230517 15:31:21.719"/>
</kw>
<status status="PASS" starttime="20230517 15:31:21.651" endtime="20230517 15:31:21.720"/>
</kw>
<status status="PASS" starttime="20230517 15:31:21.651" endtime="20230517 15:31:21.720"/>
</kw>
<kw name="Take a screenshot">
<var>${orderId}</var>
<var>${image_file}</var>
<kw name="Get Text" library="RPA.Browser.Selenium">
<var>${orderid}</var>
<arg>//*[@id="receipt"]/p[1]</arg>
<doc>Returns the text value of the element identified by ``locator``.</doc>
<msg timestamp="20230517 15:31:21.741" level="INFO">${orderid} = RSB-ROBO-ORDER-AIOEOS05V</msg>
<status status="PASS" starttime="20230517 15:31:21.720" endtime="20230517 15:31:21.741"/>
</kw>
<kw name="Set Local Variable" library="BuiltIn">
<arg>${final_image}</arg>
<arg>${img_folder}${/}${orderid}.png</arg>
<doc>Makes a variable available everywhere within the local scope.</doc>
<msg timestamp="20230517 15:31:21.742" level="INFO">${final_image} = C:\Users\Bhavya Soni\PycharmProjects\my-rsb-robot\tasks\image_files\RSB-ROBO-ORDER-AIOEOS05V.png</msg>
<status status="PASS" starttime="20230517 15:31:21.741" endtime="20230517 15:31:21.742"/>
</kw>
<kw name="Capture Element Screenshot" library="RPA.Browser.Selenium">
<arg>(//div[@id='robot-preview'])[1]</arg>
<arg>${final_image}</arg>
<doc>Captures a screenshot from the element identified by ``locator`` and embeds it into log file.</doc>
<msg timestamp="20230517 15:31:21.955" level="INFO" html="true">&lt;/td&gt;&lt;/tr&gt;&lt;tr&gt;&lt;td colspan="3"&gt;&lt;a href="image_files/RSB-ROBO-ORDER-AIOEOS05V.png"&gt;&lt;img src="image_files/RSB-ROBO-ORDER-AIOEOS05V.png" width="400px"&gt;&lt;/a&gt;</msg>
<status status="PASS" starttime="20230517 15:31:21.742" endtime="20230517 15:31:21.955"/>
</kw>
<msg timestamp="20230517 15:31:21.955" level="INFO">${orderId} = RSB-ROBO-ORDER-AIOEOS05V</msg>
<msg timestamp="20230517 15:31:21.955" level="INFO">${image_file} = C:\Users\Bhavya Soni\PycharmProjects\my-rsb-robot\tasks\image_files\RSB-ROBO-ORDER-AIOEOS05V.png</msg>
<status status="PASS" starttime="20230517 15:31:21.720" endtime="20230517 15:31:21.955"/>
</kw>
<kw name="Store the order receipt as a pdf file">
<var>${pdf_file}</var>
<arg>ORDER_NUMBER=${order_id}</arg>
<kw name="Set Local Variable" library="BuiltIn">
<arg>${final_pdf}</arg>
<arg>${pdf_folder}${/}${orderNo}.pdf</arg>
<doc>Makes a variable available everywhere within the local scope.</doc>
<msg timestamp="20230517 15:31:21.956" level="INFO">${final_pdf} = C:\Users\Bhavya Soni\PycharmProjects\my-rsb-robot\tasks\pdf_folder\ORDER_NUMBER=RSB-ROBO-ORDER-AIOEOS05V.pdf</msg>
<status status="PASS" starttime="20230517 15:31:21.956" endtime="20230517 15:31:21.957"/>
</kw>
<kw name="Get Element Attribute" library="RPA.Browser.Selenium">
<var>${orderReceipt}</var>
<arg>id:receipt</arg>
<arg>outerHTML</arg>
<doc>Returns the value of ``attribute`` from the element ``locator``.</doc>
<msg timestamp="20230517 15:31:21.972" level="INFO">${orderReceipt} = &lt;div id="receipt" class="alert alert-success" role="alert"&gt;&lt;h3&gt;Receipt&lt;/h3&gt;&lt;div&gt;2023-05-17T10:01:21.700Z&lt;/div&gt;&lt;p class="badge badge-success"&gt;RSB-ROBO-ORDER-AIOEOS05V&lt;/p&gt;&lt;p&gt;Address 123&lt;/p&gt;&lt;div id="part...</msg>
<status status="PASS" starttime="20230517 15:31:21.957" endtime="20230517 15:31:21.972"/>
</kw>
<kw name="Html To Pdf" library="RPA.PDF">
<arg>${orderReceipt}</arg>
<arg>${final_Pdf}</arg>
<doc>Generate a PDF file from HTML content.</doc>
<msg timestamp="20230517 15:31:21.973" level="INFO">Writing output to file C:\Users\Bhavya Soni\PycharmProjects\my-rsb-robot\tasks\pdf_folder\ORDER_NUMBER=RSB-ROBO-ORDER-AIOEOS05V.pdf</msg>
<msg timestamp="20230517 15:31:22.037" level="INFO">maxp pruned</msg>
<msg timestamp="20230517 15:31:22.037" level="INFO">cmap pruned</msg>
<msg timestamp="20230517 15:31:22.038" level="INFO">post pruned</msg>
<msg timestamp="20230517 15:31:22.039" level="INFO">GDEF dropped</msg>
<msg timestamp="20230517 15:31:22.039" level="INFO">GPOS dropped</msg>
<msg timestamp="20230517 15:31:22.039" level="INFO">GSUB dropped</msg>
<msg timestamp="20230517 15:31:22.056" level="INFO">name pruned</msg>
<msg timestamp="20230517 15:31:22.059" level="INFO">glyf pruned</msg>
<msg timestamp="20230517 15:31:22.060" level="INFO">Added gid0 to subset</msg>
<msg timestamp="20230517 15:31:22.060" level="INFO">Added first four glyphs to subset</msg>
<msg timestamp="20230517 15:31:22.060" level="INFO">Closing glyph list over 'glyf': 57 glyphs before</msg>
<msg timestamp="20230517 15:31:22.060" level="INFO">Glyph names: ['.notdef', '.null', 'uni0020', 'uni0021', 'uni002D', 'uni002E', 'uni0030', 'uni0031', 'uni0032', 'uni0033', 'uni0034', 'uni0035', 'uni0036', 'uni0037', 'uni0038', 'uni0039', 'uni003A', 'uni0041', 'uni0042', 'uni0044', 'uni0045', 'uni0048', 'uni0049', 'uni004C', 'uni004F', 'uni0052', 'uni0053', 'uni0054', 'uni0056', 'uni0057', 'uni0059', 'uni005A', 'uni0061', 'uni0062', 'uni0063', 'uni0064', 'uni0065', 'uni0066', 'uni0067', 'uni0068', 'uni0069', 'uni006B', 'uni006C', 'uni006D', 'uni006E', 'uni006F', 'uni0070', 'uni0072', 'uni0073', 'uni0074', 'uni0075', 'uni0076', 'uni0077', 'uni0079', 'uni007B', 'uni007D', 'uni00C4']</msg>
<msg timestamp="20230517 15:31:22.060" level="INFO">Glyph IDs:   [0, 1, 2, 3, 65, 84, 95, 161, 197, 280, 320, 382, 395, 409, 453, 456, 469, 493, 504, 575, 582, 594, 612, 645, 650, 660, 679, 715, 723, 752, 759, 775, 827, 837, 867, 884, 899, 932, 936, 950, 1294, 1295, 1296, 1298, 1299, 1300, 1302, 1303, 1304, 1305, 1329, 1345, 1346, 1361, 1404, 1407, 1681]</msg>
<msg timestamp="20230517 15:31:22.060" level="INFO">Closed glyph list over 'glyf': 57 glyphs after</msg>
<msg timestamp="20230517 15:31:22.060" level="INFO">Glyph names: ['.notdef', '.null', 'uni0020', 'uni0021', 'uni002D', 'uni002E', 'uni0030', 'uni0031', 'uni0032', 'uni0033', 'uni0034', 'uni0035', 'uni0036', 'uni0037', 'uni0038', 'uni0039', 'uni003A', 'uni0041', 'uni0042', 'uni0044', 'uni0045', 'uni0048', 'uni0049', 'uni004C', 'uni004F', 'uni0052', 'uni0053', 'uni0054', 'uni0056', 'uni0057', 'uni0059', 'uni005A', 'uni0061', 'uni0062', 'uni0063', 'uni0064', 'uni0065', 'uni0066', 'uni0067', 'uni0068', 'uni0069', 'uni006B', 'uni006C', 'uni006D', 'uni006E', 'uni006F', 'uni0070', 'uni0072', 'uni0073', 'uni0074', 'uni0075', 'uni0076', 'uni0077', 'uni0079', 'uni007B', 'uni007D', 'uni00C4']</msg>
<msg timestamp="20230517 15:31:22.060" level="INFO">Glyph IDs:   [0, 1, 2, 3, 65, 84, 95, 161, 197, 280, 320, 382, 395, 409, 453, 456, 469, 493, 504, 575, 582, 594, 612, 645, 650, 660, 679, 715, 723, 752, 759, 775, 827, 837, 867, 884, 899, 932, 936, 950, 1294, 1295, 1296, 1298, 1299, 1300, 1302, 1303, 1304, 1305, 1329, 1345, 1346, 1361, 1404, 1407, 1681]</msg>
<msg timestamp="20230517 15:31:22.061" level="INFO">Retaining 57 glyphs</msg>
<msg timestamp="20230517 15:31:22.061" level="INFO">head subsetting not needed</msg>
<msg timestamp="20230517 15:31:22.061" level="INFO">hhea subsetting not needed</msg>
<msg timestamp="20230517 15:31:22.061" level="INFO">maxp subsetting not needed</msg>
<msg timestamp="20230517 15:31:22.061" level="INFO">OS/2 subsetting not needed</msg>
<msg timestamp="20230517 15:31:22.062" level="INFO">hmtx subsetted</msg>
<msg timestamp="20230517 15:31:22.063" level="INFO">cmap subsetted</msg>
<msg timestamp="20230517 15:31:22.063" level="INFO">prep subsetting not needed</msg>
<msg timestamp="20230517 15:31:22.063" level="INFO">loca subsetting not needed</msg>
<msg timestamp="20230517 15:31:22.063" level="INFO">post subsetted</msg>
<msg timestamp="20230517 15:31:22.063" level="INFO">gasp subsetting not needed</msg>
<msg timestamp="20230517 15:31:22.063" level="INFO">STAT subsetting not needed</msg>
<msg timestamp="20230517 15:31:22.063" level="INFO">name subsetting not needed</msg>
<msg timestamp="20230517 15:31:22.064" level="INFO">glyf subsetted</msg>
<msg timestamp="20230517 15:31:22.064" level="INFO">head pruned</msg>
<msg timestamp="20230517 15:31:22.064" level="INFO">OS/2 Unicode ranges pruned: [0]</msg>
<msg timestamp="20230517 15:31:22.064" level="INFO">glyf pruned</msg>
<msg timestamp="20230517 15:31:22.082" level="INFO">maxp pruned</msg>
<msg timestamp="20230517 15:31:22.082" level="INFO">cmap pruned</msg>
<msg timestamp="20230517 15:31:22.082" level="INFO">post pruned</msg>
<msg timestamp="20230517 15:31:22.082" level="INFO">GDEF dropped</msg>
<msg timestamp="20230517 15:31:22.082" level="INFO">GPOS dropped</msg>
<msg timestamp="20230517 15:31:22.082" level="INFO">GSUB dropped</msg>
<msg timestamp="20230517 15:31:22.083" level="INFO">name pruned</msg>
<msg timestamp="20230517 15:31:22.084" level="INFO">glyf pruned</msg>
<msg timestamp="20230517 15:31:22.085" level="INFO">Added gid0 to subset</msg>
<msg timestamp="20230517 15:31:22.085" level="INFO">Added first four glyphs to subset</msg>
<msg timestamp="20230517 15:31:22.085" level="INFO">Closing glyph list over 'glyf': 19 glyphs before</msg>
<msg timestamp="20230517 15:31:22.085" level="INFO">Glyph names: ['.notdef', '.null', 'uni0020', 'uni0030', 'uni0031', 'uni0032', 'uni0033', 'uni0034', 'uni0035', 'uni0036', 'uni0037', 'uni0038', 'uni0039', 'uni0041', 'uni0062', 'uni006E', 'uni007B', 'uni007D', 'uni00C4']</msg>
<msg timestamp="20230517 15:31:22.085" level="INFO">Glyph IDs:   [0, 1, 2, 3, 575, 759, 1294, 1295, 1296, 1298, 1299, 1300, 1302, 1303, 1304, 1305, 1345, 1346, 1681]</msg>
<msg timestamp="20230517 15:31:22.085" level="INFO">Closed glyph list over 'glyf': 19 glyphs after</msg>
<msg timestamp="20230517 15:31:22.085" level="INFO">Glyph names: ['.notdef', '.null', 'uni0020', 'uni0030', 'uni0031', 'uni0032', 'uni0033', 'uni0034', 'uni0035', 'uni0036', 'uni0037', 'uni0038', 'uni0039', 'uni0041', 'uni0062', 'uni006E', 'uni007B', 'uni007D', 'uni00C4']</msg>
<msg timestamp="20230517 15:31:22.085" level="INFO">Glyph IDs:   [0, 1, 2, 3, 575, 759, 1294, 1295, 1296, 1298, 1299, 1300, 1302, 1303, 1304, 1305, 1345, 1346, 1681]</msg>
<msg timestamp="20230517 15:31:22.085" level="INFO">Retaining 19 glyphs</msg>
<msg timestamp="20230517 15:31:22.085" level="INFO">head subsetting not needed</msg>
<msg timestamp="20230517 15:31:22.086" level="INFO">hhea subsetting not needed</msg>
<msg timestamp="20230517 15:31:22.086" level="INFO">maxp subsetting not needed</msg>
<msg timestamp="20230517 15:31:22.086" level="INFO">OS/2 subsetting not needed</msg>
<msg timestamp="20230517 15:31:22.086" level="INFO">hmtx subsetted</msg>
<msg timestamp="20230517 15:31:22.087" level="INFO">cmap subsetted</msg>
<msg timestamp="20230517 15:31:22.087" level="INFO">prep subsetting not needed</msg>
<msg timestamp="20230517 15:31:22.087" level="INFO">loca subsetting not needed</msg>
<msg timestamp="20230517 15:31:22.087" level="INFO">post subsetted</msg>
<msg timestamp="20230517 15:31:22.088" level="INFO">gasp subsetting not needed</msg>
<msg timestamp="20230517 15:31:22.088" level="INFO">STAT subsetting not needed</msg>
<msg timestamp="20230517 15:31:22.088" level="INFO">name subsetting not needed</msg>
<msg timestamp="20230517 15:31:22.088" level="INFO">glyf subsetted</msg>
<msg timestamp="20230517 15:31:22.088" level="INFO">head pruned</msg>
<msg timestamp="20230517 15:31:22.088" level="INFO">OS/2 Unicode ranges pruned: [0]</msg>
<msg timestamp="20230517 15:31:22.089" level="INFO">glyf pruned</msg>
<msg timestamp="20230517 15:31:22.100" level="INFO">maxp pruned</msg>
<msg timestamp="20230517 15:31:22.100" level="INFO">cmap pruned</msg>
<msg timestamp="20230517 15:31:22.100" level="INFO">post pruned</msg>
<msg timestamp="20230517 15:31:22.100" level="INFO">GDEF dropped</msg>
<msg timestamp="20230517 15:31:22.100" level="INFO">GPOS dropped</msg>
<msg timestamp="20230517 15:31:22.100" level="INFO">GSUB dropped</msg>
<msg timestamp="20230517 15:31:22.101" level="INFO">name pruned</msg>
<msg timestamp="20230517 15:31:22.103" level="INFO">glyf pruned</msg>
<msg timestamp="20230517 15:31:22.104" level="INFO">Added gid0 to subset</msg>
<msg timestamp="20230517 15:31:22.104" level="INFO">Added first four glyphs to subset</msg>
<msg timestamp="20230517 15:31:22.104" level="INFO">Closing glyph list over 'glyf': 18 glyphs before</msg>
<msg timestamp="20230517 15:31:22.104" level="INFO">Glyph names: ['.notdef', '.null', 'uni0020', 'uni0030', 'uni0031', 'uni0032', 'uni0033', 'uni0034', 'uni0035', 'uni0036', 'uni0037', 'uni0038', 'uni0039', 'uni0062', 'uni006E', 'uni007B', 'uni007D', 'uni00A0']</msg>
<msg timestamp="20230517 15:31:22.105" level="INFO">Glyph IDs:   [0, 1, 2, 3, 544, 727, 1256, 1257, 1258, 1260, 1261, 1262, 1264, 1265, 1266, 1267, 1307, 1308]</msg>
<msg timestamp="20230517 15:31:22.105" level="INFO">Closed glyph list over 'glyf': 18 glyphs after</msg>
<msg timestamp="20230517 15:31:22.105" level="INFO">Glyph names: ['.notdef', '.null', 'uni0020', 'uni0030', 'uni0031', 'uni0032', 'uni0033', 'uni0034', 'uni0035', 'uni0036', 'uni0037', 'uni0038', 'uni0039', 'uni0062', 'uni006E', 'uni007B', 'uni007D', 'uni00A0']</msg>
<msg timestamp="20230517 15:31:22.105" level="INFO">Glyph IDs:   [0, 1, 2, 3, 544, 727, 1256, 1257, 1258, 1260, 1261, 1262, 1264, 1265, 1266, 1267, 1307, 1308]</msg>
<msg timestamp="20230517 15:31:22.105" level="INFO">Retaining 18 glyphs</msg>
<msg timestamp="20230517 15:31:22.105" level="INFO">head subsetting not needed</msg>
<msg timestamp="20230517 15:31:22.105" level="INFO">hhea subsetting not needed</msg>
<msg timestamp="20230517 15:31:22.105" level="INFO">maxp subsetting not needed</msg>
<msg timestamp="20230517 15:31:22.105" level="INFO">OS/2 subsetting not needed</msg>
<msg timestamp="20230517 15:31:22.106" level="INFO">hmtx subsetted</msg>
<msg timestamp="20230517 15:31:22.107" level="INFO">cmap subsetted</msg>
<msg timestamp="20230517 15:31:22.107" level="INFO">loca subsetting not needed</msg>
<msg timestamp="20230517 15:31:22.107" level="INFO">post subsetted</msg>
<msg timestamp="20230517 15:31:22.107" level="INFO">name subsetting not needed</msg>
<msg timestamp="20230517 15:31:22.107" level="INFO">glyf subsetted</msg>
<msg timestamp="20230517 15:31:22.107" level="INFO">head pruned</msg>
<msg timestamp="20230517 15:31:22.108" level="INFO">OS/2 Unicode ranges pruned: [0]</msg>
<msg timestamp="20230517 15:31:22.108" level="INFO">glyf pruned</msg>
<msg timestamp="20230517 15:31:22.118" level="INFO">maxp pruned</msg>
<msg timestamp="20230517 15:31:22.118" level="INFO">cmap pruned</msg>
<msg timestamp="20230517 15:31:22.118" level="INFO">post pruned</msg>
<msg timestamp="20230517 15:31:22.118" level="INFO">GDEF dropped</msg>
<msg timestamp="20230517 15:31:22.118" level="INFO">GPOS dropped</msg>
<msg timestamp="20230517 15:31:22.119" level="INFO">GSUB dropped</msg>
<msg timestamp="20230517 15:31:22.119" level="INFO">name pruned</msg>
<msg timestamp="20230517 15:31:22.120" level="INFO">glyf pruned</msg>
<msg timestamp="20230517 15:31:22.122" level="INFO">Added gid0 to subset</msg>
<msg timestamp="20230517 15:31:22.122" level="INFO">Added first four glyphs to subset</msg>
<msg timestamp="20230517 15:31:22.122" level="INFO">Closing glyph list over 'glyf': 18 glyphs before</msg>
<msg timestamp="20230517 15:31:22.122" level="INFO">Glyph names: ['.notdef', '.null', 'uni0020', 'uni0030', 'uni0031', 'uni0032', 'uni0033', 'uni0034', 'uni0035', 'uni0036', 'uni0037', 'uni0038', 'uni0039', 'uni0062', 'uni006E', 'uni007B', 'uni007D', 'uni00A0']</msg>
<msg timestamp="20230517 15:31:22.122" level="INFO">Glyph IDs:   [0, 1, 2, 3, 544, 727, 1256, 1257, 1258, 1260, 1261, 1262, 1264, 1265, 1266, 1267, 1307, 1308]</msg>
<msg timestamp="20230517 15:31:22.122" level="INFO">Closed glyph list over 'glyf': 18 glyphs after</msg>
<msg timestamp="20230517 15:31:22.122" level="INFO">Glyph names: ['.notdef', '.null', 'uni0020', 'uni0030', 'uni0031', 'uni0032', 'uni0033', 'uni0034', 'uni0035', 'uni0036', 'uni0037', 'uni0038', 'uni0039', 'uni0062', 'uni006E', 'uni007B', 'uni007D', 'uni00A0']</msg>
<msg timestamp="20230517 15:31:22.122" level="INFO">Glyph IDs:   [0, 1, 2, 3, 544, 727, 1256, 1257, 1258, 1260, 1261, 1262, 1264, 1265, 1266, 1267, 1307, 1308]</msg>
<msg timestamp="20230517 15:31:22.122" level="INFO">Retaining 18 glyphs</msg>
<msg timestamp="20230517 15:31:22.123" level="INFO">head subsetting not needed</msg>
<msg timestamp="20230517 15:31:22.123" level="INFO">hhea subsetting not needed</msg>
<msg timestamp="20230517 15:31:22.123" level="INFO">maxp subsetting not needed</msg>
<msg timestamp="20230517 15:31:22.123" level="INFO">OS/2 subsetting not needed</msg>
<msg timestamp="20230517 15:31:22.123" level="INFO">hmtx subsetted</msg>
<msg timestamp="20230517 15:31:22.124" level="INFO">cmap subsetted</msg>
<msg timestamp="20230517 15:31:22.124" level="INFO">loca subsetting not needed</msg>
<msg timestamp="20230517 15:31:22.124" level="INFO">post subsetted</msg>
<msg timestamp="20230517 15:31:22.124" level="INFO">name subsetting not needed</msg>
<msg timestamp="20230517 15:31:22.125" level="INFO">glyf subsetted</msg>
<msg timestamp="20230517 15:31:22.125" level="INFO">head pruned</msg>
<msg timestamp="20230517 15:31:22.125" level="INFO">OS/2 Unicode ranges pruned: [0]</msg>
<msg timestamp="20230517 15:31:22.125" level="INFO">glyf pruned</msg>
<status status="PASS" starttime="20230517 15:31:21.972" endtime="20230517 15:31:22.132"/>
</kw>
<msg timestamp="20230517 15:31:22.132" level="INFO">${pdf_file} = C:\Users\Bhavya Soni\PycharmProjects\my-rsb-robot\tasks\pdf_folder\ORDER_NUMBER=RSB-ROBO-ORDER-AIOEOS05V.pdf</msg>
<status status="PASS" starttime="20230517 15:31:21.955" endtime="20230517 15:31:22.132"/>
</kw>
<kw name="Embed the screenshot to pdf">
<arg>${pdf_file}</arg>
<arg>${image_file}</arg>
<kw name="Open Pdf" library="RPA.PDF">
<arg>${pdf}</arg>
<doc>Open a PDF document for reading.</doc>
<status status="PASS" starttime="20230517 15:31:22.133" endtime="20230517 15:31:22.139"/>
</kw>
<kw name="Create List" library="BuiltIn">
<var>@{files}</var>
<arg>${images}:x=0,y=0</arg>
<doc>Returns a list containing given items.</doc>
<msg timestamp="20230517 15:31:22.139" level="INFO">@{files} = [ C:\Users\Bhavya Soni\PycharmProjects\my-rsb-robot\tasks\image_files\RSB-ROBO-ORDER-AIOEOS05V.png:x=0,y=0 ]</msg>
<status status="PASS" starttime="20230517 15:31:22.139" endtime="20230517 15:31:22.139"/>
</kw>
<kw name="Add Files To Pdf" library="RPA.PDF">
<arg>${files}</arg>
<arg>${pdf}</arg>
<doc>Add images and/or pdfs to new PDF document.</doc>
<msg timestamp="20230517 15:31:22.142" level="INFO">File C:\Users\Bhavya Soni\PycharmProjects\my-rsb-robot\tasks\image_files\RSB-ROBO-ORDER-AIOEOS05V.png type: png</msg>
<msg timestamp="20230517 15:31:22.142" level="INFO">Image parameters: {'x': '0', 'y': '0'}</msg>
<status status="PASS" starttime="20230517 15:31:22.139" endtime="20230517 15:31:22.180"/>
</kw>
<kw name="Close Pdf" library="RPA.PDF">
<arg>${pdf}</arg>
<doc>Close PDF file descriptor for a certain file.</doc>
<msg timestamp="20230517 15:31:22.180" level="INFO">Closing PDF document: C:\Users\Bhavya Soni\PycharmProjects\my-rsb-robot\tasks\pdf_folder\ORDER_NUMBER=RSB-ROBO-ORDER-AIOEOS05V.pdf</msg>
<status status="PASS" starttime="20230517 15:31:22.180" endtime="20230517 15:31:22.181"/>
</kw>
<status status="PASS" starttime="20230517 15:31:22.132" endtime="20230517 15:31:22.181"/>
</kw>
<kw name="Order Another Robot">
<kw name="Click Button" library="RPA.Browser.Selenium">
<arg>(//button[@id='order-another'])[1]</arg>
<doc>Clicks the button identified by ``locator``.</doc>
<msg timestamp="20230517 15:31:22.181" level="INFO">Clicking button '(//button[@id='order-another'])[1]'.</msg>
<status status="PASS" starttime="20230517 15:31:22.181" endtime="20230517 15:31:22.347"/>
</kw>
<status status="PASS" starttime="20230517 15:31:22.181" endtime="20230517 15:31:22.348"/>
</kw>
<status status="PASS" starttime="20230517 15:31:21.154" endtime="20230517 15:31:22.348"/>
</iter>
<iter>
<var name="${row}">{'Order number': '2', 'Head': '4', 'Body': '1', 'Legs': '5', 'Address': 'Address 456'}</var>
<kw name="Close the annoying modal">
<kw name="Wait And Click Button" library="RPA.Browser.Selenium">
<arg>//div[@role='dialog']//button[1]</arg>
<doc>Click button identified by ``locator``, once it becomes visible.</doc>
<msg timestamp="20230517 15:31:22.369" level="INFO">Clicking button '//div[@role='dialog']//button[1]'.</msg>
<status status="PASS" starttime="20230517 15:31:22.349" endtime="20230517 15:31:22.422"/>
</kw>
<status status="PASS" starttime="20230517 15:31:22.348" endtime="20230517 15:31:22.422"/>
</kw>
<kw name="Fill the form">
<arg>${row}</arg>
<kw name="Wait Until Element Is Visible" library="RPA.Browser.Selenium">
<arg>//*[@id="head"]</arg>
<doc>Waits until the element ``locator`` is visible.</doc>
<status status="PASS" starttime="20230517 15:31:22.423" endtime="20230517 15:31:22.467"/>
</kw>
<kw name="Wait Until Element Is Enabled" library="RPA.Browser.Selenium">
<arg>//*[@id="head"]</arg>
<doc>Waits until the element ``locator`` is enabled.</doc>
<status status="PASS" starttime="20230517 15:31:22.468" endtime="20230517 15:31:22.495"/>
</kw>
<kw name="Select From List By Value" library="RPA.Browser.Selenium">
<arg>//*[@id="head"]</arg>
<arg>${myrow}[Head]</arg>
<doc>Selects options from selection list ``locator`` by ``values``.</doc>
<msg timestamp="20230517 15:31:22.495" level="INFO">Selecting options from selection list '//*[@id="head"]' by value 4.</msg>
<status status="PASS" starttime="20230517 15:31:22.495" endtime="20230517 15:31:22.534"/>
</kw>
<kw name="Wait Until Element Is Enabled" library="RPA.Browser.Selenium">
<arg>body</arg>
<doc>Waits until the element ``locator`` is enabled.</doc>
<status status="PASS" starttime="20230517 15:31:22.534" endtime="20230517 15:31:22.562"/>
</kw>
<kw name="Select Radio Button" library="RPA.Browser.Selenium">
<arg>body</arg>
<arg>${myrow}[Body]</arg>
<doc>Sets the radio button group ``group_name`` to ``value``.</doc>
<msg timestamp="20230517 15:31:22.562" level="INFO">Selecting '1' from radio button 'body'.</msg>
<status status="PASS" starttime="20230517 15:31:22.562" endtime="20230517 15:31:22.601"/>
</kw>
<kw name="Wait Until Element Is Enabled" library="RPA.Browser.Selenium">
<arg>//html/body/div/div/div[1]/div/div[1]/form/div[3]/input</arg>
<doc>Waits until the element ``locator`` is enabled.</doc>
<status status="PASS" starttime="20230517 15:31:22.601" endtime="20230517 15:31:22.618"/>
</kw>
<kw name="Input Text" library="RPA.Browser.Selenium">
<arg>//html/body/div/div/div[1]/div/div[1]/form/div[3]/input</arg>
<arg>${myrow}[Legs]</arg>
<doc>Types the given ``text`` into the text field identified by ``locator``.</doc>
<msg timestamp="20230517 15:31:22.618" level="INFO">Typing text '5' into text field '//html/body/div/div/div[1]/div/div[1]/form/div[3]/input'.</msg>
<status status="PASS" starttime="20230517 15:31:22.618" endtime="20230517 15:31:22.665"/>
</kw>
<kw name="Wait Until Element Is Enabled" library="RPA.Browser.Selenium">
<arg>address</arg>
<doc>Waits until the element ``locator`` is enabled.</doc>
<status status="PASS" starttime="20230517 15:31:22.665" endtime="20230517 15:31:22.681"/>
</kw>
<kw name="Input Text" library="RPA.Browser.Selenium">
<arg>address</arg>
<arg>${myrow}[Address]</arg>
<doc>Types the given ``text`` into the text field identified by ``locator``.</doc>
<msg timestamp="20230517 15:31:22.682" level="INFO">Typing text 'Address 456' into text field 'address'.</msg>
<status status="PASS" starttime="20230517 15:31:22.681" endtime="20230517 15:31:22.774"/>
</kw>
<status status="PASS" starttime="20230517 15:31:22.423" endtime="20230517 15:31:22.775"/>
</kw>
<kw name="Wait Until Keyword Succeeds" library="BuiltIn">
<arg>10x</arg>
<arg>2s</arg>
<arg>Preview the order</arg>
<doc>Runs the specified keyword and retries if it fails.</doc>
<kw name="Preview the order">
<kw name="Click Button" library="RPA.Browser.Selenium">
<arg>(//button[@id='preview'])[1]</arg>
<doc>Clicks the button identified by ``locator``.</doc>
<msg timestamp="20230517 15:31:22.775" level="INFO">Clicking button '(//button[@id='preview'])[1]'.</msg>
<status status="PASS" starttime="20230517 15:31:22.775" endtime="20230517 15:31:22.868"/>
</kw>
<kw name="Wait Until Element Is Visible" library="RPA.Browser.Selenium">
<arg>(//div[@id='robot-preview'])[1]</arg>
<doc>Waits until the element ``locator`` is visible.</doc>
<status status="PASS" starttime="20230517 15:31:22.869" endtime="20230517 15:31:22.888"/>
</kw>
<status status="PASS" starttime="20230517 15:31:22.775" endtime="20230517 15:31:22.888"/>
</kw>
<status status="PASS" starttime="20230517 15:31:22.775" endtime="20230517 15:31:22.888"/>
</kw>
<kw name="Wait Until Keyword Succeeds" library="BuiltIn">
<arg>10x</arg>
<arg>2s</arg>
<arg>Submit The Order</arg>
<doc>Runs the specified keyword and retries if it fails.</doc>
<kw name="Submit the order">
<kw name="Mute Run On Failure" library="RPA.RobotLogListener">
<arg>Page Should Contain Element</arg>
<doc>Set keywords which should not execute `SeleniumLibrary`
default behaviour of running keyword on failure.</doc>
<kw name="Get Library Instance" library="BuiltIn">
<arg>RPA.Browser</arg>
<doc>Returns the currently active instance of the specified library.</doc>
<msg timestamp="20230517 15:31:22.889" level="FAIL">No library 'RPA.Browser' found.</msg>
<status status="FAIL" starttime="20230517 15:31:22.889" endtime="20230517 15:31:22.889"/>
</kw>
<kw name="Get Library Instance" library="BuiltIn">
<arg>RPA.Browser.Selenium</arg>
<doc>Returns the currently active instance of the specified library.</doc>
<status status="PASS" starttime="20230517 15:31:22.889" endtime="20230517 15:31:22.890"/>
</kw>
<status status="PASS" starttime="20230517 15:31:22.889" endtime="20230517 15:31:22.890"/>
</kw>
<kw name="Click Button" library="RPA.Browser.Selenium">
<arg>Order</arg>
<doc>Clicks the button identified by ``locator``.</doc>
<msg timestamp="20230517 15:31:22.890" level="INFO">Clicking button 'Order'.</msg>
<status status="PASS" starttime="20230517 15:31:22.890" endtime="20230517 15:31:22.929"/>
</kw>
<kw name="Page Should Contain Element" library="RPA.Browser.Selenium">
<arg>(//div[@id='receipt'])[1]</arg>
<doc>Verifies that element ``locator`` is found on the current page.</doc>
<msg timestamp="20230517 15:31:22.930" level="INFO">No keyword will be run on failure.</msg>
<msg timestamp="20230517 15:31:22.930" level="INFO">No keyword will be run on failure.</msg>
<msg timestamp="20230517 15:31:22.938" level="INFO">Current page contains element '(//div[@id='receipt'])[1]'.</msg>
<status status="PASS" starttime="20230517 15:31:22.930" endtime="20230517 15:31:22.938"/>
</kw>
<status status="PASS" starttime="20230517 15:31:22.888" endtime="20230517 15:31:22.938"/>
</kw>
<status status="PASS" starttime="20230517 15:31:22.888" endtime="20230517 15:31:22.938"/>
</kw>
<kw name="Take a screenshot">
<var>${orderId}</var>
<var>${image_file}</var>
<kw name="Get Text" library="RPA.Browser.Selenium">
<var>${orderid}</var>
<arg>//*[@id="receipt"]/p[1]</arg>
<doc>Returns the text value of the element identified by ``locator``.</doc>
<msg timestamp="20230517 15:31:22.961" level="INFO">${orderid} = RSB-ROBO-ORDER-H3A8TV9ZFH</msg>
<status status="PASS" starttime="20230517 15:31:22.939" endtime="20230517 15:31:22.961"/>
</kw>
<kw name="Set Local Variable" library="BuiltIn">
<arg>${final_image}</arg>
<arg>${img_folder}${/}${orderid}.png</arg>
<doc>Makes a variable available everywhere within the local scope.</doc>
<msg timestamp="20230517 15:31:22.962" level="INFO">${final_image} = C:\Users\Bhavya Soni\PycharmProjects\my-rsb-robot\tasks\image_files\RSB-ROBO-ORDER-H3A8TV9ZFH.png</msg>
<status status="PASS" starttime="20230517 15:31:22.961" endtime="20230517 15:31:22.962"/>
</kw>
<kw name="Capture Element Screenshot" library="RPA.Browser.Selenium">
<arg>(//div[@id='robot-preview'])[1]</arg>
<arg>${final_image}</arg>
<doc>Captures a screenshot from the element identified by ``locator`` and embeds it into log file.</doc>
<msg timestamp="20230517 15:31:23.121" level="INFO" html="true">&lt;/td&gt;&lt;/tr&gt;&lt;tr&gt;&lt;td colspan="3"&gt;&lt;a href="image_files/RSB-ROBO-ORDER-H3A8TV9ZFH.png"&gt;&lt;img src="image_files/RSB-ROBO-ORDER-H3A8TV9ZFH.png" width="400px"&gt;&lt;/a&gt;</msg>
<status status="PASS" starttime="20230517 15:31:22.962" endtime="20230517 15:31:23.121"/>
</kw>
<msg timestamp="20230517 15:31:23.121" level="INFO">${orderId} = RSB-ROBO-ORDER-H3A8TV9ZFH</msg>
<msg timestamp="20230517 15:31:23.121" level="INFO">${image_file} = C:\Users\Bhavya Soni\PycharmProjects\my-rsb-robot\tasks\image_files\RSB-ROBO-ORDER-H3A8TV9ZFH.png</msg>
<status status="PASS" starttime="20230517 15:31:22.939" endtime="20230517 15:31:23.121"/>
</kw>
<kw name="Store the order receipt as a pdf file">
<var>${pdf_file}</var>
<arg>ORDER_NUMBER=${order_id}</arg>
<kw name="Set Local Variable" library="BuiltIn">
<arg>${final_pdf}</arg>
<arg>${pdf_folder}${/}${orderNo}.pdf</arg>
<doc>Makes a variable available everywhere within the local scope.</doc>
<msg timestamp="20230517 15:31:23.122" level="INFO">${final_pdf} = C:\Users\Bhavya Soni\PycharmProjects\my-rsb-robot\tasks\pdf_folder\ORDER_NUMBER=RSB-ROBO-ORDER-H3A8TV9ZFH.pdf</msg>
<status status="PASS" starttime="20230517 15:31:23.122" endtime="20230517 15:31:23.122"/>
</kw>
<kw name="Get Element Attribute" library="RPA.Browser.Selenium">
<var>${orderReceipt}</var>
<arg>id:receipt</arg>
<arg>outerHTML</arg>
<doc>Returns the value of ``attribute`` from the element ``locator``.</doc>
<msg timestamp="20230517 15:31:23.134" level="INFO">${orderReceipt} = &lt;div id="receipt" class="alert alert-success" role="alert"&gt;&lt;h3&gt;Receipt&lt;/h3&gt;&lt;div&gt;2023-05-17T10:01:22.923Z&lt;/div&gt;&lt;p class="badge badge-success"&gt;RSB-ROBO-ORDER-H3A8TV9ZFH&lt;/p&gt;&lt;p&gt;Address 456&lt;/p&gt;&lt;div id="par...</msg>
<status status="PASS" starttime="20230517 15:31:23.122" endtime="20230517 15:31:23.134"/>
</kw>
<kw name="Html To Pdf" library="RPA.PDF">
<arg>${orderReceipt}</arg>
<arg>${final_Pdf}</arg>
<doc>Generate a PDF file from HTML content.</doc>
<msg timestamp="20230517 15:31:23.135" level="INFO">Writing output to file C:\Users\Bhavya Soni\PycharmProjects\my-rsb-robot\tasks\pdf_folder\ORDER_NUMBER=RSB-ROBO-ORDER-H3A8TV9ZFH.pdf</msg>
<msg timestamp="20230517 15:31:23.191" level="INFO">maxp pruned</msg>
<msg timestamp="20230517 15:31:23.191" level="INFO">cmap pruned</msg>
<msg timestamp="20230517 15:31:23.191" level="INFO">post pruned</msg>
<msg timestamp="20230517 15:31:23.191" level="INFO">GDEF dropped</msg>
<msg timestamp="20230517 15:31:23.191" level="INFO">GPOS dropped</msg>
<msg timestamp="20230517 15:31:23.191" level="INFO">GSUB dropped</msg>
<msg timestamp="20230517 15:31:23.192" level="INFO">name pruned</msg>
<msg timestamp="20230517 15:31:23.194" level="INFO">glyf pruned</msg>
<msg timestamp="20230517 15:31:23.194" level="INFO">Added gid0 to subset</msg>
<msg timestamp="20230517 15:31:23.194" level="INFO">Added first four glyphs to subset</msg>
<msg timestamp="20230517 15:31:23.194" level="INFO">Closing glyph list over 'glyf': 57 glyphs before</msg>
<msg timestamp="20230517 15:31:23.194" level="INFO">Glyph names: ['.notdef', '.null', 'uni0020', 'uni0021', 'uni002D', 'uni002E', 'uni0030', 'uni0031', 'uni0032', 'uni0033', 'uni0034', 'uni0035', 'uni0036', 'uni0037', 'uni0038', 'uni0039', 'uni003A', 'uni0041', 'uni0042', 'uni0044', 'uni0045', 'uni0046', 'uni0048', 'uni004C', 'uni004F', 'uni0052', 'uni0053', 'uni0054', 'uni0056', 'uni0057', 'uni0059', 'uni005A', 'uni0061', 'uni0062', 'uni0063', 'uni0064', 'uni0065', 'uni0066', 'uni0067', 'uni0068', 'uni0069', 'uni006B', 'uni006C', 'uni006D', 'uni006E', 'uni006F', 'uni0070', 'uni0072', 'uni0073', 'uni0074', 'uni0075', 'uni0076', 'uni0077', 'uni0079', 'uni007B', 'uni007D', 'uni00C4']</msg>
<msg timestamp="20230517 15:31:23.195" level="INFO">Glyph IDs:   [0, 1, 2, 3, 65, 84, 95, 137, 161, 280, 320, 382, 395, 409, 453, 456, 469, 493, 504, 575, 582, 594, 612, 645, 650, 660, 679, 715, 723, 752, 759, 775, 827, 837, 867, 884, 899, 932, 936, 950, 1294, 1295, 1296, 1298, 1299, 1300, 1302, 1303, 1304, 1305, 1329, 1345, 1346, 1361, 1404, 1407, 1681]</msg>
<msg timestamp="20230517 15:31:23.195" level="INFO">Closed glyph list over 'glyf': 57 glyphs after</msg>
<msg timestamp="20230517 15:31:23.195" level="INFO">Glyph names: ['.notdef', '.null', 'uni0020', 'uni0021', 'uni002D', 'uni002E', 'uni0030', 'uni0031', 'uni0032', 'uni0033', 'uni0034', 'uni0035', 'uni0036', 'uni0037', 'uni0038', 'uni0039', 'uni003A', 'uni0041', 'uni0042', 'uni0044', 'uni0045', 'uni0046', 'uni0048', 'uni004C', 'uni004F', 'uni0052', 'uni0053', 'uni0054', 'uni0056', 'uni0057', 'uni0059', 'uni005A', 'uni0061', 'uni0062', 'uni0063', 'uni0064', 'uni0065', 'uni0066', 'uni0067', 'uni0068', 'uni0069', 'uni006B', 'uni006C', 'uni006D', 'uni006E', 'uni006F', 'uni0070', 'uni0072', 'uni0073', 'uni0074', 'uni0075', 'uni0076', 'uni0077', 'uni0079', 'uni007B', 'uni007D', 'uni00C4']</msg>
<msg timestamp="20230517 15:31:23.195" level="INFO">Glyph IDs:   [0, 1, 2, 3, 65, 84, 95, 137, 161, 280, 320, 382, 395, 409, 453, 456, 469, 493, 504, 575, 582, 594, 612, 645, 650, 660, 679, 715, 723, 752, 759, 775, 827, 837, 867, 884, 899, 932, 936, 950, 1294, 1295, 1296, 1298, 1299, 1300, 1302, 1303, 1304, 1305, 1329, 1345, 1346, 1361, 1404, 1407, 1681]</msg>
<msg timestamp="20230517 15:31:23.195" level="INFO">Retaining 57 glyphs</msg>
<msg timestamp="20230517 15:31:23.195" level="INFO">head subsetting not needed</msg>
<msg timestamp="20230517 15:31:23.196" level="INFO">hhea subsetting not needed</msg>
<msg timestamp="20230517 15:31:23.196" level="INFO">maxp subsetting not needed</msg>
<msg timestamp="20230517 15:31:23.196" level="INFO">OS/2 subsetting not needed</msg>
<msg timestamp="20230517 15:31:23.197" level="INFO">hmtx subsetted</msg>
<msg timestamp="20230517 15:31:23.198" level="INFO">cmap subsetted</msg>
<msg timestamp="20230517 15:31:23.198" level="INFO">prep subsetting not needed</msg>
<msg timestamp="20230517 15:31:23.199" level="INFO">loca subsetting not needed</msg>
<msg timestamp="20230517 15:31:23.199" level="INFO">post subsetted</msg>
<msg timestamp="20230517 15:31:23.199" level="INFO">gasp subsetting not needed</msg>
<msg timestamp="20230517 15:31:23.199" level="INFO">STAT subsetting not needed</msg>
<msg timestamp="20230517 15:31:23.199" level="INFO">name subsetting not needed</msg>
<msg timestamp="20230517 15:31:23.199" level="INFO">glyf subsetted</msg>
<msg timestamp="20230517 15:31:23.200" level="INFO">head pruned</msg>
<msg timestamp="20230517 15:31:23.200" level="INFO">OS/2 Unicode ranges pruned: [0]</msg>
<msg timestamp="20230517 15:31:23.200" level="INFO">glyf pruned</msg>
<msg timestamp="20230517 15:31:23.220" level="INFO">maxp pruned</msg>
<msg timestamp="20230517 15:31:23.221" level="INFO">cmap pruned</msg>
<msg timestamp="20230517 15:31:23.221" level="INFO">post pruned</msg>
<msg timestamp="20230517 15:31:23.221" level="INFO">GDEF dropped</msg>
<msg timestamp="20230517 15:31:23.221" level="INFO">GPOS dropped</msg>
<msg timestamp="20230517 15:31:23.221" level="INFO">GSUB dropped</msg>
<msg timestamp="20230517 15:31:23.221" level="INFO">name pruned</msg>
<msg timestamp="20230517 15:31:23.223" level="INFO">glyf pruned</msg>
<msg timestamp="20230517 15:31:23.224" level="INFO">Added gid0 to subset</msg>
<msg timestamp="20230517 15:31:23.224" level="INFO">Added first four glyphs to subset</msg>
<msg timestamp="20230517 15:31:23.224" level="INFO">Closing glyph list over 'glyf': 19 glyphs before</msg>
<msg timestamp="20230517 15:31:23.224" level="INFO">Glyph names: ['.notdef', '.null', 'uni0020', 'uni0030', 'uni0031', 'uni0032', 'uni0033', 'uni0034', 'uni0035', 'uni0036', 'uni0037', 'uni0038', 'uni0039', 'uni0041', 'uni0062', 'uni006E', 'uni007B', 'uni007D', 'uni00C4']</msg>
<msg timestamp="20230517 15:31:23.224" level="INFO">Glyph IDs:   [0, 1, 2, 3, 575, 759, 1294, 1295, 1296, 1298, 1299, 1300, 1302, 1303, 1304, 1305, 1345, 1346, 1681]</msg>
<msg timestamp="20230517 15:31:23.224" level="INFO">Closed glyph list over 'glyf': 19 glyphs after</msg>
<msg timestamp="20230517 15:31:23.224" level="INFO">Glyph names: ['.notdef', '.null', 'uni0020', 'uni0030', 'uni0031', 'uni0032', 'uni0033', 'uni0034', 'uni0035', 'uni0036', 'uni0037', 'uni0038', 'uni0039', 'uni0041', 'uni0062', 'uni006E', 'uni007B', 'uni007D', 'uni00C4']</msg>
<msg timestamp="20230517 15:31:23.224" level="INFO">Glyph IDs:   [0, 1, 2, 3, 575, 759, 1294, 1295, 1296, 1298, 1299, 1300, 1302, 1303, 1304, 1305, 1345, 1346, 1681]</msg>
<msg timestamp="20230517 15:31:23.224" level="INFO">Retaining 19 glyphs</msg>
<msg timestamp="20230517 15:31:23.225" level="INFO">head subsetting not needed</msg>
<msg timestamp="20230517 15:31:23.225" level="INFO">hhea subsetting not needed</msg>
<msg timestamp="20230517 15:31:23.225" level="INFO">maxp subsetting not needed</msg>
<msg timestamp="20230517 15:31:23.225" level="INFO">OS/2 subsetting not needed</msg>
<msg timestamp="20230517 15:31:23.226" level="INFO">hmtx subsetted</msg>
<msg timestamp="20230517 15:31:23.227" level="INFO">cmap subsetted</msg>
<msg timestamp="20230517 15:31:23.227" level="INFO">prep subsetting not needed</msg>
<msg timestamp="20230517 15:31:23.227" level="INFO">loca subsetting not needed</msg>
<msg timestamp="20230517 15:31:23.227" level="INFO">post subsetted</msg>
<msg timestamp="20230517 15:31:23.227" level="INFO">gasp subsetting not needed</msg>
<msg timestamp="20230517 15:31:23.227" level="INFO">STAT subsetting not needed</msg>
<msg timestamp="20230517 15:31:23.227" level="INFO">name subsetting not needed</msg>
<msg timestamp="20230517 15:31:23.227" level="INFO">glyf subsetted</msg>
<msg timestamp="20230517 15:31:23.228" level="INFO">head pruned</msg>
<msg timestamp="20230517 15:31:23.228" level="INFO">OS/2 Unicode ranges pruned: [0]</msg>
<msg timestamp="20230517 15:31:23.228" level="INFO">glyf pruned</msg>
<msg timestamp="20230517 15:31:23.240" level="INFO">maxp pruned</msg>
<msg timestamp="20230517 15:31:23.240" level="INFO">cmap pruned</msg>
<msg timestamp="20230517 15:31:23.240" level="INFO">post pruned</msg>
<msg timestamp="20230517 15:31:23.240" level="INFO">GDEF dropped</msg>
<msg timestamp="20230517 15:31:23.240" level="INFO">GPOS dropped</msg>
<msg timestamp="20230517 15:31:23.240" level="INFO">GSUB dropped</msg>
<msg timestamp="20230517 15:31:23.240" level="INFO">name pruned</msg>
<msg timestamp="20230517 15:31:23.242" level="INFO">glyf pruned</msg>
<msg timestamp="20230517 15:31:23.243" level="INFO">Added gid0 to subset</msg>
<msg timestamp="20230517 15:31:23.243" level="INFO">Added first four glyphs to subset</msg>
<msg timestamp="20230517 15:31:23.244" level="INFO">Closing glyph list over 'glyf': 18 glyphs before</msg>
<msg timestamp="20230517 15:31:23.244" level="INFO">Glyph names: ['.notdef', '.null', 'uni0020', 'uni0030', 'uni0031', 'uni0032', 'uni0033', 'uni0034', 'uni0035', 'uni0036', 'uni0037', 'uni0038', 'uni0039', 'uni0062', 'uni006E', 'uni007B', 'uni007D', 'uni00A0']</msg>
<msg timestamp="20230517 15:31:23.244" level="INFO">Glyph IDs:   [0, 1, 2, 3, 544, 727, 1256, 1257, 1258, 1260, 1261, 1262, 1264, 1265, 1266, 1267, 1307, 1308]</msg>
<msg timestamp="20230517 15:31:23.244" level="INFO">Closed glyph list over 'glyf': 18 glyphs after</msg>
<msg timestamp="20230517 15:31:23.244" level="INFO">Glyph names: ['.notdef', '.null', 'uni0020', 'uni0030', 'uni0031', 'uni0032', 'uni0033', 'uni0034', 'uni0035', 'uni0036', 'uni0037', 'uni0038', 'uni0039', 'uni0062', 'uni006E', 'uni007B', 'uni007D', 'uni00A0']</msg>
<msg timestamp="20230517 15:31:23.244" level="INFO">Glyph IDs:   [0, 1, 2, 3, 544, 727, 1256, 1257, 1258, 1260, 1261, 1262, 1264, 1265, 1266, 1267, 1307, 1308]</msg>
<msg timestamp="20230517 15:31:23.244" level="INFO">Retaining 18 glyphs</msg>
<msg timestamp="20230517 15:31:23.244" level="INFO">head subsetting not needed</msg>
<msg timestamp="20230517 15:31:23.244" level="INFO">hhea subsetting not needed</msg>
<msg timestamp="20230517 15:31:23.244" level="INFO">maxp subsetting not needed</msg>
<msg timestamp="20230517 15:31:23.244" level="INFO">OS/2 subsetting not needed</msg>
<msg timestamp="20230517 15:31:23.245" level="INFO">hmtx subsetted</msg>
<msg timestamp="20230517 15:31:23.246" level="INFO">cmap subsetted</msg>
<msg timestamp="20230517 15:31:23.246" level="INFO">loca subsetting not needed</msg>
<msg timestamp="20230517 15:31:23.246" level="INFO">post subsetted</msg>
<msg timestamp="20230517 15:31:23.246" level="INFO">name subsetting not needed</msg>
<msg timestamp="20230517 15:31:23.247" level="INFO">glyf subsetted</msg>
<msg timestamp="20230517 15:31:23.247" level="INFO">head pruned</msg>
<msg timestamp="20230517 15:31:23.247" level="INFO">OS/2 Unicode ranges pruned: [0]</msg>
<msg timestamp="20230517 15:31:23.247" level="INFO">glyf pruned</msg>
<msg timestamp="20230517 15:31:23.258" level="INFO">maxp pruned</msg>
<msg timestamp="20230517 15:31:23.258" level="INFO">cmap pruned</msg>
<msg timestamp="20230517 15:31:23.258" level="INFO">post pruned</msg>
<msg timestamp="20230517 15:31:23.258" level="INFO">GDEF dropped</msg>
<msg timestamp="20230517 15:31:23.258" level="INFO">GPOS dropped</msg>
<msg timestamp="20230517 15:31:23.258" level="INFO">GSUB dropped</msg>
<msg timestamp="20230517 15:31:23.258" level="INFO">name pruned</msg>
<msg timestamp="20230517 15:31:23.260" level="INFO">glyf pruned</msg>
<msg timestamp="20230517 15:31:23.262" level="INFO">Added gid0 to subset</msg>
<msg timestamp="20230517 15:31:23.262" level="INFO">Added first four glyphs to subset</msg>
<msg timestamp="20230517 15:31:23.262" level="INFO">Closing glyph list over 'glyf': 18 glyphs before</msg>
<msg timestamp="20230517 15:31:23.262" level="INFO">Glyph names: ['.notdef', '.null', 'uni0020', 'uni0030', 'uni0031', 'uni0032', 'uni0033', 'uni0034', 'uni0035', 'uni0036', 'uni0037', 'uni0038', 'uni0039', 'uni0062', 'uni006E', 'uni007B', 'uni007D', 'uni00A0']</msg>
<msg timestamp="20230517 15:31:23.262" level="INFO">Glyph IDs:   [0, 1, 2, 3, 544, 727, 1256, 1257, 1258, 1260, 1261, 1262, 1264, 1265, 1266, 1267, 1307, 1308]</msg>
<msg timestamp="20230517 15:31:23.262" level="INFO">Closed glyph list over 'glyf': 18 glyphs after</msg>
<msg timestamp="20230517 15:31:23.262" level="INFO">Glyph names: ['.notdef', '.null', 'uni0020', 'uni0030', 'uni0031', 'uni0032', 'uni0033', 'uni0034', 'uni0035', 'uni0036', 'uni0037', 'uni0038', 'uni0039', 'uni0062', 'uni006E', 'uni007B', 'uni007D', 'uni00A0']</msg>
<msg timestamp="20230517 15:31:23.262" level="INFO">Glyph IDs:   [0, 1, 2, 3, 544, 727, 1256, 1257, 1258, 1260, 1261, 1262, 1264, 1265, 1266, 1267, 1307, 1308]</msg>
<msg timestamp="20230517 15:31:23.262" level="INFO">Retaining 18 glyphs</msg>
<msg timestamp="20230517 15:31:23.262" level="INFO">head subsetting not needed</msg>
<msg timestamp="20230517 15:31:23.263" level="INFO">hhea subsetting not needed</msg>
<msg timestamp="20230517 15:31:23.263" level="INFO">maxp subsetting not needed</msg>
<msg timestamp="20230517 15:31:23.263" level="INFO">OS/2 subsetting not needed</msg>
<msg timestamp="20230517 15:31:23.264" level="INFO">hmtx subsetted</msg>
<msg timestamp="20230517 15:31:23.264" level="INFO">cmap subsetted</msg>
<msg timestamp="20230517 15:31:23.264" level="INFO">loca subsetting not needed</msg>
<msg timestamp="20230517 15:31:23.264" level="INFO">post subsetted</msg>
<msg timestamp="20230517 15:31:23.264" level="INFO">name subsetting not needed</msg>
<msg timestamp="20230517 15:31:23.265" level="INFO">glyf subsetted</msg>
<msg timestamp="20230517 15:31:23.265" level="INFO">head pruned</msg>
<msg timestamp="20230517 15:31:23.265" level="INFO">OS/2 Unicode ranges pruned: [0]</msg>
<msg timestamp="20230517 15:31:23.265" level="INFO">glyf pruned</msg>
<status status="PASS" starttime="20230517 15:31:23.134" endtime="20230517 15:31:23.273"/>
</kw>
<msg timestamp="20230517 15:31:23.273" level="INFO">${pdf_file} = C:\Users\Bhavya Soni\PycharmProjects\my-rsb-robot\tasks\pdf_folder\ORDER_NUMBER=RSB-ROBO-ORDER-H3A8TV9ZFH.pdf</msg>
<status status="PASS" starttime="20230517 15:31:23.121" endtime="20230517 15:31:23.273"/>
</kw>
<kw name="Embed the screenshot to pdf">
<arg>${pdf_file}</arg>
<arg>${image_file}</arg>
<kw name="Open Pdf" library="RPA.PDF">
<arg>${pdf}</arg>
<doc>Open a PDF document for reading.</doc>
<status status="PASS" starttime="20230517 15:31:23.273" endtime="20230517 15:31:23.285"/>
</kw>
<kw name="Create List" library="BuiltIn">
<var>@{files}</var>
<arg>${images}:x=0,y=0</arg>
<doc>Returns a list containing given items.</doc>
<msg timestamp="20230517 15:31:23.285" level="INFO">@{files} = [ C:\Users\Bhavya Soni\PycharmProjects\my-rsb-robot\tasks\image_files\RSB-ROBO-ORDER-H3A8TV9ZFH.png:x=0,y=0 ]</msg>
<status status="PASS" starttime="20230517 15:31:23.285" endtime="20230517 15:31:23.285"/>
</kw>
<kw name="Add Files To Pdf" library="RPA.PDF">
<arg>${files}</arg>
<arg>${pdf}</arg>
<doc>Add images and/or pdfs to new PDF document.</doc>
<msg timestamp="20230517 15:31:23.292" level="INFO">File C:\Users\Bhavya Soni\PycharmProjects\my-rsb-robot\tasks\image_files\RSB-ROBO-ORDER-H3A8TV9ZFH.png type: png</msg>
<msg timestamp="20230517 15:31:23.292" level="INFO">Image parameters: {'x': '0', 'y': '0'}</msg>
<status status="PASS" starttime="20230517 15:31:23.285" endtime="20230517 15:31:23.320"/>
</kw>
<kw name="Close Pdf" library="RPA.PDF">
<arg>${pdf}</arg>
<doc>Close PDF file descriptor for a certain file.</doc>
<msg timestamp="20230517 15:31:23.320" level="INFO">Closing PDF document: C:\Users\Bhavya Soni\PycharmProjects\my-rsb-robot\tasks\pdf_folder\ORDER_NUMBER=RSB-ROBO-ORDER-H3A8TV9ZFH.pdf</msg>
<status status="PASS" starttime="20230517 15:31:23.320" endtime="20230517 15:31:23.321"/>
</kw>
<status status="PASS" starttime="20230517 15:31:23.273" endtime="20230517 15:31:23.321"/>
</kw>
<kw name="Order Another Robot">
<kw name="Click Button" library="RPA.Browser.Selenium">
<arg>(//button[@id='order-another'])[1]</arg>
<doc>Clicks the button identified by ``locator``.</doc>
<msg timestamp="20230517 15:31:23.321" level="INFO">Clicking button '(//button[@id='order-another'])[1]'.</msg>
<status status="PASS" starttime="20230517 15:31:23.321" endtime="20230517 15:31:23.530"/>
</kw>
<status status="PASS" starttime="20230517 15:31:23.321" endtime="20230517 15:31:23.530"/>
</kw>
<status status="PASS" starttime="20230517 15:31:22.348" endtime="20230517 15:31:23.530"/>
</iter>
<iter>
<var name="${row}">{'Order number': '3', 'Head': '6', 'Body': '2', 'Legs': '3', 'Address': 'Address 789'}</var>
<kw name="Close the annoying modal">
<kw name="Wait And Click Button" library="RPA.Browser.Selenium">
<arg>//div[@role='dialog']//button[1]</arg>
<doc>Click button identified by ``locator``, once it becomes visible.</doc>
<msg timestamp="20230517 15:31:23.545" level="INFO">Clicking button '//div[@role='dialog']//button[1]'.</msg>
<status status="PASS" starttime="20230517 15:31:23.531" endtime="20230517 15:31:23.585"/>
</kw>
<status status="PASS" starttime="20230517 15:31:23.531" endtime="20230517 15:31:23.585"/>
</kw>
<kw name="Fill the form">
<arg>${row}</arg>
<kw name="Wait Until Element Is Visible" library="RPA.Browser.Selenium">
<arg>//*[@id="head"]</arg>
<doc>Waits until the element ``locator`` is visible.</doc>
<status status="PASS" starttime="20230517 15:31:23.586" endtime="20230517 15:31:23.596"/>
</kw>
<kw name="Wait Until Element Is Enabled" library="RPA.Browser.Selenium">
<arg>//*[@id="head"]</arg>
<doc>Waits until the element ``locator`` is enabled.</doc>
<status status="PASS" starttime="20230517 15:31:23.597" endtime="20230517 15:31:23.614"/>
</kw>
<kw name="Select From List By Value" library="RPA.Browser.Selenium">
<arg>//*[@id="head"]</arg>
<arg>${myrow}[Head]</arg>
<doc>Selects options from selection list ``locator`` by ``values``.</doc>
<msg timestamp="20230517 15:31:23.615" level="INFO">Selecting options from selection list '//*[@id="head"]' by value 6.</msg>
<status status="PASS" starttime="20230517 15:31:23.614" endtime="20230517 15:31:23.670"/>
</kw>
<kw name="Wait Until Element Is Enabled" library="RPA.Browser.Selenium">
<arg>body</arg>
<doc>Waits until the element ``locator`` is enabled.</doc>
<status status="PASS" starttime="20230517 15:31:23.670" endtime="20230517 15:31:23.688"/>
</kw>
<kw name="Select Radio Button" library="RPA.Browser.Selenium">
<arg>body</arg>
<arg>${myrow}[Body]</arg>
<doc>Sets the radio button group ``group_name`` to ``value``.</doc>
<msg timestamp="20230517 15:31:23.688" level="INFO">Selecting '2' from radio button 'body'.</msg>
<status status="PASS" starttime="20230517 15:31:23.688" endtime="20230517 15:31:23.728"/>
</kw>
<kw name="Wait Until Element Is Enabled" library="RPA.Browser.Selenium">
<arg>//html/body/div/div/div[1]/div/div[1]/form/div[3]/input</arg>
<doc>Waits until the element ``locator`` is enabled.</doc>
<status status="PASS" starttime="20230517 15:31:23.729" endtime="20230517 15:31:23.748"/>
</kw>
<kw name="Input Text" library="RPA.Browser.Selenium">
<arg>//html/body/div/div/div[1]/div/div[1]/form/div[3]/input</arg>
<arg>${myrow}[Legs]</arg>
<doc>Types the given ``text`` into the text field identified by ``locator``.</doc>
<msg timestamp="20230517 15:31:23.748" level="INFO">Typing text '3' into text field '//html/body/div/div/div[1]/div/div[1]/form/div[3]/input'.</msg>
<status status="PASS" starttime="20230517 15:31:23.748" endtime="20230517 15:31:23.817"/>
</kw>
<kw name="Wait Until Element Is Enabled" library="RPA.Browser.Selenium">
<arg>address</arg>
<doc>Waits until the element ``locator`` is enabled.</doc>
<status status="PASS" starttime="20230517 15:31:23.818" endtime="20230517 15:31:23.839"/>
</kw>
<kw name="Input Text" library="RPA.Browser.Selenium">
<arg>address</arg>
<arg>${myrow}[Address]</arg>
<doc>Types the given ``text`` into the text field identified by ``locator``.</doc>
<msg timestamp="20230517 15:31:23.840" level="INFO">Typing text 'Address 789' into text field 'address'.</msg>
<status status="PASS" starttime="20230517 15:31:23.840" endtime="20230517 15:31:23.901"/>
</kw>
<status status="PASS" starttime="20230517 15:31:23.585" endtime="20230517 15:31:23.901"/>
</kw>
<kw name="Wait Until Keyword Succeeds" library="BuiltIn">
<arg>10x</arg>
<arg>2s</arg>
<arg>Preview the order</arg>
<doc>Runs the specified keyword and retries if it fails.</doc>
<kw name="Preview the order">
<kw name="Click Button" library="RPA.Browser.Selenium">
<arg>(//button[@id='preview'])[1]</arg>
<doc>Clicks the button identified by ``locator``.</doc>
<msg timestamp="20230517 15:31:23.902" level="INFO">Clicking button '(//button[@id='preview'])[1]'.</msg>
<status status="PASS" starttime="20230517 15:31:23.902" endtime="20230517 15:31:23.954"/>
</kw>
<kw name="Wait Until Element Is Visible" library="RPA.Browser.Selenium">
<arg>(//div[@id='robot-preview'])[1]</arg>
<doc>Waits until the element ``locator`` is visible.</doc>
<status status="PASS" starttime="20230517 15:31:23.954" endtime="20230517 15:31:23.964"/>
</kw>
<status status="PASS" starttime="20230517 15:31:23.901" endtime="20230517 15:31:23.964"/>
</kw>
<status status="PASS" starttime="20230517 15:31:23.901" endtime="20230517 15:31:23.965"/>
</kw>
<kw name="Wait Until Keyword Succeeds" library="BuiltIn">
<arg>10x</arg>
<arg>2s</arg>
<arg>Submit The Order</arg>
<doc>Runs the specified keyword and retries if it fails.</doc>
<kw name="Submit the order">
<kw name="Mute Run On Failure" library="RPA.RobotLogListener">
<arg>Page Should Contain Element</arg>
<doc>Set keywords which should not execute `SeleniumLibrary`
default behaviour of running keyword on failure.</doc>
<kw name="Get Library Instance" library="BuiltIn">
<arg>RPA.Browser</arg>
<doc>Returns the currently active instance of the specified library.</doc>
<msg timestamp="20230517 15:31:23.966" level="FAIL">No library 'RPA.Browser' found.</msg>
<status status="FAIL" starttime="20230517 15:31:23.965" endtime="20230517 15:31:23.966"/>
</kw>
<kw name="Get Library Instance" library="BuiltIn">
<arg>RPA.Browser.Selenium</arg>
<doc>Returns the currently active instance of the specified library.</doc>
<status status="PASS" starttime="20230517 15:31:23.966" endtime="20230517 15:31:23.966"/>
</kw>
<status status="PASS" starttime="20230517 15:31:23.965" endtime="20230517 15:31:23.966"/>
</kw>
<kw name="Click Button" library="RPA.Browser.Selenium">
<arg>Order</arg>
<doc>Clicks the button identified by ``locator``.</doc>
<msg timestamp="20230517 15:31:23.966" level="INFO">Clicking button 'Order'.</msg>
<status status="PASS" starttime="20230517 15:31:23.966" endtime="20230517 15:31:23.995"/>
</kw>
<kw name="Page Should Contain Element" library="RPA.Browser.Selenium">
<arg>(//div[@id='receipt'])[1]</arg>
<doc>Verifies that element ``locator`` is found on the current page.</doc>
<msg timestamp="20230517 15:31:23.996" level="INFO">No keyword will be run on failure.</msg>
<msg timestamp="20230517 15:31:23.996" level="INFO">No keyword will be run on failure.</msg>
<msg timestamp="20230517 15:31:23.996" level="INFO">No keyword will be run on failure.</msg>
<msg timestamp="20230517 15:31:24.001" level="INFO">Current page contains element '(//div[@id='receipt'])[1]'.</msg>
<status status="PASS" starttime="20230517 15:31:23.995" endtime="20230517 15:31:24.001"/>
</kw>
<status status="PASS" starttime="20230517 15:31:23.965" endtime="20230517 15:31:24.001"/>
</kw>
<status status="PASS" starttime="20230517 15:31:23.965" endtime="20230517 15:31:24.001"/>
</kw>
<kw name="Take a screenshot">
<var>${orderId}</var>
<var>${image_file}</var>
<kw name="Get Text" library="RPA.Browser.Selenium">
<var>${orderid}</var>
<arg>//*[@id="receipt"]/p[1]</arg>
<doc>Returns the text value of the element identified by ``locator``.</doc>
<msg timestamp="20230517 15:31:24.011" level="INFO">${orderid} = RSB-ROBO-ORDER-40THVVEVY</msg>
<status status="PASS" starttime="20230517 15:31:24.002" endtime="20230517 15:31:24.011"/>
</kw>
<kw name="Set Local Variable" library="BuiltIn">
<arg>${final_image}</arg>
<arg>${img_folder}${/}${orderid}.png</arg>
<doc>Makes a variable available everywhere within the local scope.</doc>
<msg timestamp="20230517 15:31:24.012" level="INFO">${final_image} = C:\Users\Bhavya Soni\PycharmProjects\my-rsb-robot\tasks\image_files\RSB-ROBO-ORDER-40THVVEVY.png</msg>
<status status="PASS" starttime="20230517 15:31:24.011" endtime="20230517 15:31:24.012"/>
</kw>
<kw name="Capture Element Screenshot" library="RPA.Browser.Selenium">
<arg>(//div[@id='robot-preview'])[1]</arg>
<arg>${final_image}</arg>
<doc>Captures a screenshot from the element identified by ``locator`` and embeds it into log file.</doc>
<msg timestamp="20230517 15:31:24.125" level="INFO" html="true">&lt;/td&gt;&lt;/tr&gt;&lt;tr&gt;&lt;td colspan="3"&gt;&lt;a href="image_files/RSB-ROBO-ORDER-40THVVEVY.png"&gt;&lt;img src="image_files/RSB-ROBO-ORDER-40THVVEVY.png" width="400px"&gt;&lt;/a&gt;</msg>
<status status="PASS" starttime="20230517 15:31:24.012" endtime="20230517 15:31:24.125"/>
</kw>
<msg timestamp="20230517 15:31:24.125" level="INFO">${orderId} = RSB-ROBO-ORDER-40THVVEVY</msg>
<msg timestamp="20230517 15:31:24.125" level="INFO">${image_file} = C:\Users\Bhavya Soni\PycharmProjects\my-rsb-robot\tasks\image_files\RSB-ROBO-ORDER-40THVVEVY.png</msg>
<status status="PASS" starttime="20230517 15:31:24.001" endtime="20230517 15:31:24.125"/>
</kw>
<kw name="Store the order receipt as a pdf file">
<var>${pdf_file}</var>
<arg>ORDER_NUMBER=${order_id}</arg>
<kw name="Set Local Variable" library="BuiltIn">
<arg>${final_pdf}</arg>
<arg>${pdf_folder}${/}${orderNo}.pdf</arg>
<doc>Makes a variable available everywhere within the local scope.</doc>
<msg timestamp="20230517 15:31:24.126" level="INFO">${final_pdf} = C:\Users\Bhavya Soni\PycharmProjects\my-rsb-robot\tasks\pdf_folder\ORDER_NUMBER=RSB-ROBO-ORDER-40THVVEVY.pdf</msg>
<status status="PASS" starttime="20230517 15:31:24.125" endtime="20230517 15:31:24.126"/>
</kw>
<kw name="Get Element Attribute" library="RPA.Browser.Selenium">
<var>${orderReceipt}</var>
<arg>id:receipt</arg>
<arg>outerHTML</arg>
<doc>Returns the value of ``attribute`` from the element ``locator``.</doc>
<msg timestamp="20230517 15:31:24.137" level="INFO">${orderReceipt} = &lt;div id="receipt" class="alert alert-success" role="alert"&gt;&lt;h3&gt;Receipt&lt;/h3&gt;&lt;div&gt;2023-05-17T10:01:23.992Z&lt;/div&gt;&lt;p class="badge badge-success"&gt;RSB-ROBO-ORDER-40THVVEVY&lt;/p&gt;&lt;p&gt;Address 789&lt;/p&gt;&lt;div id="part...</msg>
<status status="PASS" starttime="20230517 15:31:24.127" endtime="20230517 15:31:24.137"/>
</kw>
<kw name="Html To Pdf" library="RPA.PDF">
<arg>${orderReceipt}</arg>
<arg>${final_Pdf}</arg>
<doc>Generate a PDF file from HTML content.</doc>
<msg timestamp="20230517 15:31:24.138" level="INFO">Writing output to file C:\Users\Bhavya Soni\PycharmProjects\my-rsb-robot\tasks\pdf_folder\ORDER_NUMBER=RSB-ROBO-ORDER-40THVVEVY.pdf</msg>
<msg timestamp="20230517 15:31:24.195" level="INFO">maxp pruned</msg>
<msg timestamp="20230517 15:31:24.195" level="INFO">cmap pruned</msg>
<msg timestamp="20230517 15:31:24.195" level="INFO">post pruned</msg>
<msg timestamp="20230517 15:31:24.195" level="INFO">GDEF dropped</msg>
<msg timestamp="20230517 15:31:24.195" level="INFO">GPOS dropped</msg>
<msg timestamp="20230517 15:31:24.195" level="INFO">GSUB dropped</msg>
<msg timestamp="20230517 15:31:24.196" level="INFO">name pruned</msg>
<msg timestamp="20230517 15:31:24.198" level="INFO">glyf pruned</msg>
<msg timestamp="20230517 15:31:24.199" level="INFO">Added gid0 to subset</msg>
<msg timestamp="20230517 15:31:24.199" level="INFO">Added first four glyphs to subset</msg>
<msg timestamp="20230517 15:31:24.199" level="INFO">Closing glyph list over 'glyf': 56 glyphs before</msg>
<msg timestamp="20230517 15:31:24.199" level="INFO">Glyph names: ['.notdef', '.null', 'uni0020', 'uni0021', 'uni002D', 'uni002E', 'uni0030', 'uni0031', 'uni0032', 'uni0033', 'uni0034', 'uni0035', 'uni0036', 'uni0037', 'uni0038', 'uni0039', 'uni003A', 'uni0041', 'uni0042', 'uni0044', 'uni0045', 'uni0048', 'uni004C', 'uni004F', 'uni0052', 'uni0053', 'uni0054', 'uni0056', 'uni0057', 'uni0059', 'uni005A', 'uni0061', 'uni0062', 'uni0063', 'uni0064', 'uni0065', 'uni0066', 'uni0067', 'uni0068', 'uni0069', 'uni006B', 'uni006C', 'uni006D', 'uni006E', 'uni006F', 'uni0070', 'uni0072', 'uni0073', 'uni0074', 'uni0075', 'uni0076', 'uni0077', 'uni0079', 'uni007B', 'uni007D', 'uni00C4']</msg>
<msg timestamp="20230517 15:31:24.199" level="INFO">Glyph IDs:   [0, 1, 2, 3, 65, 84, 95, 161, 280, 320, 382, 395, 409, 453, 456, 469, 493, 504, 575, 582, 594, 612, 645, 650, 660, 679, 715, 723, 752, 759, 775, 827, 837, 867, 884, 899, 932, 936, 950, 1294, 1295, 1296, 1298, 1299, 1300, 1302, 1303, 1304, 1305, 1329, 1345, 1346, 1361, 1404, 1407, 1681]</msg>
<msg timestamp="20230517 15:31:24.199" level="INFO">Closed glyph list over 'glyf': 56 glyphs after</msg>
<msg timestamp="20230517 15:31:24.199" level="INFO">Glyph names: ['.notdef', '.null', 'uni0020', 'uni0021', 'uni002D', 'uni002E', 'uni0030', 'uni0031', 'uni0032', 'uni0033', 'uni0034', 'uni0035', 'uni0036', 'uni0037', 'uni0038', 'uni0039', 'uni003A', 'uni0041', 'uni0042', 'uni0044', 'uni0045', 'uni0048', 'uni004C', 'uni004F', 'uni0052', 'uni0053', 'uni0054', 'uni0056', 'uni0057', 'uni0059', 'uni005A', 'uni0061', 'uni0062', 'uni0063', 'uni0064', 'uni0065', 'uni0066', 'uni0067', 'uni0068', 'uni0069', 'uni006B', 'uni006C', 'uni006D', 'uni006E', 'uni006F', 'uni0070', 'uni0072', 'uni0073', 'uni0074', 'uni0075', 'uni0076', 'uni0077', 'uni0079', 'uni007B', 'uni007D', 'uni00C4']</msg>
<msg timestamp="20230517 15:31:24.200" level="INFO">Glyph IDs:   [0, 1, 2, 3, 65, 84, 95, 161, 280, 320, 382, 395, 409, 453, 456, 469, 493, 504, 575, 582, 594, 612, 645, 650, 660, 679, 715, 723, 752, 759, 775, 827, 837, 867, 884, 899, 932, 936, 950, 1294, 1295, 1296, 1298, 1299, 1300, 1302, 1303, 1304, 1305, 1329, 1345, 1346, 1361, 1404, 1407, 1681]</msg>
<msg timestamp="20230517 15:31:24.200" level="INFO">Retaining 56 glyphs</msg>
<msg timestamp="20230517 15:31:24.200" level="INFO">head subsetting not needed</msg>
<msg timestamp="20230517 15:31:24.200" level="INFO">hhea subsetting not needed</msg>
<msg timestamp="20230517 15:31:24.200" level="INFO">maxp subsetting not needed</msg>
<msg timestamp="20230517 15:31:24.200" level="INFO">OS/2 subsetting not needed</msg>
<msg timestamp="20230517 15:31:24.201" level="INFO">hmtx subsetted</msg>
<msg timestamp="20230517 15:31:24.202" level="INFO">cmap subsetted</msg>
<msg timestamp="20230517 15:31:24.202" level="INFO">prep subsetting not needed</msg>
<msg timestamp="20230517 15:31:24.202" level="INFO">loca subsetting not needed</msg>
<msg timestamp="20230517 15:31:24.202" level="INFO">post subsetted</msg>
<msg timestamp="20230517 15:31:24.202" level="INFO">gasp subsetting not needed</msg>
<msg timestamp="20230517 15:31:24.202" level="INFO">STAT subsetting not needed</msg>
<msg timestamp="20230517 15:31:24.202" level="INFO">name subsetting not needed</msg>
<msg timestamp="20230517 15:31:24.202" level="INFO">glyf subsetted</msg>
<msg timestamp="20230517 15:31:24.202" level="INFO">head pruned</msg>
<msg timestamp="20230517 15:31:24.203" level="INFO">OS/2 Unicode ranges pruned: [0]</msg>
<msg timestamp="20230517 15:31:24.203" level="INFO">glyf pruned</msg>
<msg timestamp="20230517 15:31:24.221" level="INFO">maxp pruned</msg>
<msg timestamp="20230517 15:31:24.221" level="INFO">cmap pruned</msg>
<msg timestamp="20230517 15:31:24.221" level="INFO">post pruned</msg>
<msg timestamp="20230517 15:31:24.221" level="INFO">GDEF dropped</msg>
<msg timestamp="20230517 15:31:24.221" level="INFO">GPOS dropped</msg>
<msg timestamp="20230517 15:31:24.222" level="INFO">GSUB dropped</msg>
<msg timestamp="20230517 15:31:24.222" level="INFO">name pruned</msg>
<msg timestamp="20230517 15:31:24.224" level="INFO">glyf pruned</msg>
<msg timestamp="20230517 15:31:24.224" level="INFO">Added gid0 to subset</msg>
<msg timestamp="20230517 15:31:24.224" level="INFO">Added first four glyphs to subset</msg>
<msg timestamp="20230517 15:31:24.224" level="INFO">Closing glyph list over 'glyf': 19 glyphs before</msg>
<msg timestamp="20230517 15:31:24.224" level="INFO">Glyph names: ['.notdef', '.null', 'uni0020', 'uni0030', 'uni0031', 'uni0032', 'uni0033', 'uni0034', 'uni0035', 'uni0036', 'uni0037', 'uni0038', 'uni0039', 'uni0041', 'uni0062', 'uni006E', 'uni007B', 'uni007D', 'uni00C4']</msg>
<msg timestamp="20230517 15:31:24.224" level="INFO">Glyph IDs:   [0, 1, 2, 3, 575, 759, 1294, 1295, 1296, 1298, 1299, 1300, 1302, 1303, 1304, 1305, 1345, 1346, 1681]</msg>
<msg timestamp="20230517 15:31:24.224" level="INFO">Closed glyph list over 'glyf': 19 glyphs after</msg>
<msg timestamp="20230517 15:31:24.225" level="INFO">Glyph names: ['.notdef', '.null', 'uni0020', 'uni0030', 'uni0031', 'uni0032', 'uni0033', 'uni0034', 'uni0035', 'uni0036', 'uni0037', 'uni0038', 'uni0039', 'uni0041', 'uni0062', 'uni006E', 'uni007B', 'uni007D', 'uni00C4']</msg>
<msg timestamp="20230517 15:31:24.225" level="INFO">Glyph IDs:   [0, 1, 2, 3, 575, 759, 1294, 1295, 1296, 1298, 1299, 1300, 1302, 1303, 1304, 1305, 1345, 1346, 1681]</msg>
<msg timestamp="20230517 15:31:24.225" level="INFO">Retaining 19 glyphs</msg>
<msg timestamp="20230517 15:31:24.225" level="INFO">head subsetting not needed</msg>
<msg timestamp="20230517 15:31:24.225" level="INFO">hhea subsetting not needed</msg>
<msg timestamp="20230517 15:31:24.225" level="INFO">maxp subsetting not needed</msg>
<msg timestamp="20230517 15:31:24.225" level="INFO">OS/2 subsetting not needed</msg>
<msg timestamp="20230517 15:31:24.226" level="INFO">hmtx subsetted</msg>
<msg timestamp="20230517 15:31:24.227" level="INFO">cmap subsetted</msg>
<msg timestamp="20230517 15:31:24.227" level="INFO">prep subsetting not needed</msg>
<msg timestamp="20230517 15:31:24.227" level="INFO">loca subsetting not needed</msg>
<msg timestamp="20230517 15:31:24.227" level="INFO">post subsetted</msg>
<msg timestamp="20230517 15:31:24.227" level="INFO">gasp subsetting not needed</msg>
<msg timestamp="20230517 15:31:24.227" level="INFO">STAT subsetting not needed</msg>
<msg timestamp="20230517 15:31:24.227" level="INFO">name subsetting not needed</msg>
<msg timestamp="20230517 15:31:24.228" level="INFO">glyf subsetted</msg>
<msg timestamp="20230517 15:31:24.228" level="INFO">head pruned</msg>
<msg timestamp="20230517 15:31:24.228" level="INFO">OS/2 Unicode ranges pruned: [0]</msg>
<msg timestamp="20230517 15:31:24.228" level="INFO">glyf pruned</msg>
<msg timestamp="20230517 15:31:24.242" level="INFO">maxp pruned</msg>
<msg timestamp="20230517 15:31:24.242" level="INFO">cmap pruned</msg>
<msg timestamp="20230517 15:31:24.242" level="INFO">post pruned</msg>
<msg timestamp="20230517 15:31:24.242" level="INFO">GDEF dropped</msg>
<msg timestamp="20230517 15:31:24.242" level="INFO">GPOS dropped</msg>
<msg timestamp="20230517 15:31:24.242" level="INFO">GSUB dropped</msg>
<msg timestamp="20230517 15:31:24.242" level="INFO">name pruned</msg>
<msg timestamp="20230517 15:31:24.245" level="INFO">glyf pruned</msg>
<msg timestamp="20230517 15:31:24.248" level="INFO">Added gid0 to subset</msg>
<msg timestamp="20230517 15:31:24.248" level="INFO">Added first four glyphs to subset</msg>
<msg timestamp="20230517 15:31:24.248" level="INFO">Closing glyph list over 'glyf': 18 glyphs before</msg>
<msg timestamp="20230517 15:31:24.248" level="INFO">Glyph names: ['.notdef', '.null', 'uni0020', 'uni0030', 'uni0031', 'uni0032', 'uni0033', 'uni0034', 'uni0035', 'uni0036', 'uni0037', 'uni0038', 'uni0039', 'uni0062', 'uni006E', 'uni007B', 'uni007D', 'uni00A0']</msg>
<msg timestamp="20230517 15:31:24.248" level="INFO">Glyph IDs:   [0, 1, 2, 3, 544, 727, 1256, 1257, 1258, 1260, 1261, 1262, 1264, 1265, 1266, 1267, 1307, 1308]</msg>
<msg timestamp="20230517 15:31:24.248" level="INFO">Closed glyph list over 'glyf': 18 glyphs after</msg>
<msg timestamp="20230517 15:31:24.248" level="INFO">Glyph names: ['.notdef', '.null', 'uni0020', 'uni0030', 'uni0031', 'uni0032', 'uni0033', 'uni0034', 'uni0035', 'uni0036', 'uni0037', 'uni0038', 'uni0039', 'uni0062', 'uni006E', 'uni007B', 'uni007D', 'uni00A0']</msg>
<msg timestamp="20230517 15:31:24.248" level="INFO">Glyph IDs:   [0, 1, 2, 3, 544, 727, 1256, 1257, 1258, 1260, 1261, 1262, 1264, 1265, 1266, 1267, 1307, 1308]</msg>
<msg timestamp="20230517 15:31:24.249" level="INFO">Retaining 18 glyphs</msg>
<msg timestamp="20230517 15:31:24.249" level="INFO">head subsetting not needed</msg>
<msg timestamp="20230517 15:31:24.249" level="INFO">hhea subsetting not needed</msg>
<msg timestamp="20230517 15:31:24.249" level="INFO">maxp subsetting not needed</msg>
<msg timestamp="20230517 15:31:24.249" level="INFO">OS/2 subsetting not needed</msg>
<msg timestamp="20230517 15:31:24.250" level="INFO">hmtx subsetted</msg>
<msg timestamp="20230517 15:31:24.250" level="INFO">cmap subsetted</msg>
<msg timestamp="20230517 15:31:24.251" level="INFO">loca subsetting not needed</msg>
<msg timestamp="20230517 15:31:24.251" level="INFO">post subsetted</msg>
<msg timestamp="20230517 15:31:24.251" level="INFO">name subsetting not needed</msg>
<msg timestamp="20230517 15:31:24.251" level="INFO">glyf subsetted</msg>
<msg timestamp="20230517 15:31:24.251" level="INFO">head pruned</msg>
<msg timestamp="20230517 15:31:24.252" level="INFO">OS/2 Unicode ranges pruned: [0]</msg>
<msg timestamp="20230517 15:31:24.252" level="INFO">glyf pruned</msg>
<msg timestamp="20230517 15:31:24.263" level="INFO">maxp pruned</msg>
<msg timestamp="20230517 15:31:24.264" level="INFO">cmap pruned</msg>
<msg timestamp="20230517 15:31:24.264" level="INFO">post pruned</msg>
<msg timestamp="20230517 15:31:24.264" level="INFO">GDEF dropped</msg>
<msg timestamp="20230517 15:31:24.264" level="INFO">GPOS dropped</msg>
<msg timestamp="20230517 15:31:24.264" level="INFO">GSUB dropped</msg>
<msg timestamp="20230517 15:31:24.264" level="INFO">name pruned</msg>
<msg timestamp="20230517 15:31:24.266" level="INFO">glyf pruned</msg>
<msg timestamp="20230517 15:31:24.268" level="INFO">Added gid0 to subset</msg>
<msg timestamp="20230517 15:31:24.268" level="INFO">Added first four glyphs to subset</msg>
<msg timestamp="20230517 15:31:24.268" level="INFO">Closing glyph list over 'glyf': 18 glyphs before</msg>
<msg timestamp="20230517 15:31:24.268" level="INFO">Glyph names: ['.notdef', '.null', 'uni0020', 'uni0030', 'uni0031', 'uni0032', 'uni0033', 'uni0034', 'uni0035', 'uni0036', 'uni0037', 'uni0038', 'uni0039', 'uni0062', 'uni006E', 'uni007B', 'uni007D', 'uni00A0']</msg>
<msg timestamp="20230517 15:31:24.268" level="INFO">Glyph IDs:   [0, 1, 2, 3, 544, 727, 1256, 1257, 1258, 1260, 1261, 1262, 1264, 1265, 1266, 1267, 1307, 1308]</msg>
<msg timestamp="20230517 15:31:24.268" level="INFO">Closed glyph list over 'glyf': 18 glyphs after</msg>
<msg timestamp="20230517 15:31:24.268" level="INFO">Glyph names: ['.notdef', '.null', 'uni0020', 'uni0030', 'uni0031', 'uni0032', 'uni0033', 'uni0034', 'uni0035', 'uni0036', 'uni0037', 'uni0038', 'uni0039', 'uni0062', 'uni006E', 'uni007B', 'uni007D', 'uni00A0']</msg>
<msg timestamp="20230517 15:31:24.268" level="INFO">Glyph IDs:   [0, 1, 2, 3, 544, 727, 1256, 1257, 1258, 1260, 1261, 1262, 1264, 1265, 1266, 1267, 1307, 1308]</msg>
<msg timestamp="20230517 15:31:24.268" level="INFO">Retaining 18 glyphs</msg>
<msg timestamp="20230517 15:31:24.269" level="INFO">head subsetting not needed</msg>
<msg timestamp="20230517 15:31:24.269" level="INFO">hhea subsetting not needed</msg>
[...]
<msg timestamp="20230517 15:31:55.303" level="INFO" html="true">&lt;/td&gt;&lt;/tr&gt;&lt;tr&gt;&lt;td colspan="3"&gt;&lt;a href="image_files/RSB-ROBO-ORDER-UE2NAY3LR5.png"&gt;&lt;img src="image_files/RSB-ROBO-ORDER-UE2NAY3LR5.png" width="400px"&gt;&lt;/a&gt;</msg>
<status status="PASS" starttime="20230517 15:31:55.156" endtime="20230517 15:31:55.303"/>
</kw>
<msg timestamp="20230517 15:31:55.304" level="INFO">${orderId} = RSB-ROBO-ORDER-UE2NAY3LR5</msg>
<msg timestamp="20230517 15:31:55.304" level="INFO">${image_file} = C:\Users\Bhavya Soni\PycharmProjects\my-rsb-robot\tasks\image_files\RSB-ROBO-ORDER-UE2NAY3LR5.png</msg>
<status status="PASS" starttime="20230517 15:31:55.142" endtime="20230517 15:31:55.304"/>
</kw>
<kw name="Store the order receipt as a pdf file">
<var>${pdf_file}</var>
<arg>ORDER_NUMBER=${order_id}</arg>
<kw name="Set Local Variable" library="BuiltIn">
<arg>${final_pdf}</arg>
<arg>${pdf_folder}${/}${orderNo}.pdf</arg>
<doc>Makes a variable available everywhere within the local scope.</doc>
<msg timestamp="20230517 15:31:55.305" level="INFO">${final_pdf} = C:\Users\Bhavya Soni\PycharmProjects\my-rsb-robot\tasks\pdf_folder\ORDER_NUMBER=RSB-ROBO-ORDER-UE2NAY3LR5.pdf</msg>
<status status="PASS" starttime="20230517 15:31:55.304" endtime="20230517 15:31:55.305"/>
</kw>
<kw name="Get Element Attribute" library="RPA.Browser.Selenium">
<var>${orderReceipt}</var>
<arg>id:receipt</arg>
<arg>outerHTML</arg>
<doc>Returns the value of ``attribute`` from the element ``locator``.</doc>
<msg timestamp="20230517 15:31:55.316" level="INFO">${orderReceipt} = &lt;div id="receipt" class="alert alert-success" role="alert"&gt;&lt;h3&gt;Receipt&lt;/h3&gt;&lt;div&gt;2023-05-17T10:01:55.128Z&lt;/div&gt;&lt;p class="badge badge-success"&gt;RSB-ROBO-ORDER-UE2NAY3LR5&lt;/p&gt;&lt;p&gt;Address H&lt;/p&gt;&lt;div id="parts...</msg>
<status status="PASS" starttime="20230517 15:31:55.305" endtime="20230517 15:31:55.316"/>
</kw>
<kw name="Html To Pdf" library="RPA.PDF">
<arg>${orderReceipt}</arg>
<arg>${final_Pdf}</arg>
<doc>Generate a PDF file from HTML content.</doc>
<msg timestamp="20230517 15:31:55.317" level="INFO">Writing output to file C:\Users\Bhavya Soni\PycharmProjects\my-rsb-robot\tasks\pdf_folder\ORDER_NUMBER=RSB-ROBO-ORDER-UE2NAY3LR5.pdf</msg>
<msg timestamp="20230517 15:31:55.372" level="INFO">maxp pruned</msg>
<msg timestamp="20230517 15:31:55.372" level="INFO">cmap pruned</msg>
<msg timestamp="20230517 15:31:55.372" level="INFO">post pruned</msg>
<msg timestamp="20230517 15:31:55.373" level="INFO">GDEF dropped</msg>
<msg timestamp="20230517 15:31:55.373" level="INFO">GPOS dropped</msg>
<msg timestamp="20230517 15:31:55.373" level="INFO">GSUB dropped</msg>
<msg timestamp="20230517 15:31:55.373" level="INFO">name pruned</msg>
<msg timestamp="20230517 15:31:55.375" level="INFO">glyf pruned</msg>
<msg timestamp="20230517 15:31:55.376" level="INFO">Added gid0 to subset</msg>
<msg timestamp="20230517 15:31:55.376" level="INFO">Added first four glyphs to subset</msg>
<msg timestamp="20230517 15:31:55.376" level="INFO">Closing glyph list over 'glyf': 57 glyphs before</msg>
<msg timestamp="20230517 15:31:55.376" level="INFO">Glyph names: ['.notdef', '.null', 'uni0020', 'uni0021', 'uni002D', 'uni002E', 'uni0030', 'uni0031', 'uni0032', 'uni0033', 'uni0034', 'uni0035', 'uni0036', 'uni0037', 'uni0038', 'uni0039', 'uni003A', 'uni0041', 'uni0042', 'uni0044', 'uni0045', 'uni0048', 'uni004C', 'uni004E', 'uni004F', 'uni0052', 'uni0053', 'uni0054', 'uni0055', 'uni0057', 'uni0059', 'uni005A', 'uni0061', 'uni0062', 'uni0063', 'uni0064', 'uni0065', 'uni0066', 'uni0067', 'uni0068', 'uni0069', 'uni006B', 'uni006C', 'uni006D', 'uni006E', 'uni006F', 'uni0070', 'uni0072', 'uni0073', 'uni0074', 'uni0075', 'uni0076', 'uni0077', 'uni0079', 'uni007B', 'uni007D', 'uni00C4']</msg>
<msg timestamp="20230517 15:31:55.376" level="INFO">Glyph IDs:   [0, 1, 2, 3, 65, 84, 95, 161, 280, 299, 320, 382, 395, 409, 421, 456, 469, 493, 504, 575, 582, 594, 612, 645, 650, 660, 679, 715, 723, 752, 759, 775, 827, 837, 867, 884, 899, 932, 936, 950, 1294, 1295, 1296, 1298, 1299, 1300, 1302, 1303, 1304, 1305, 1329, 1345, 1346, 1361, 1404, 1407, 1681]</msg>
<msg timestamp="20230517 15:31:55.376" level="INFO">Closed glyph list over 'glyf': 57 glyphs after</msg>
<msg timestamp="20230517 15:31:55.376" level="INFO">Glyph names: ['.notdef', '.null', 'uni0020', 'uni0021', 'uni002D', 'uni002E', 'uni0030', 'uni0031', 'uni0032', 'uni0033', 'uni0034', 'uni0035', 'uni0036', 'uni0037', 'uni0038', 'uni0039', 'uni003A', 'uni0041', 'uni0042', 'uni0044', 'uni0045', 'uni0048', 'uni004C', 'uni004E', 'uni004F', 'uni0052', 'uni0053', 'uni0054', 'uni0055', 'uni0057', 'uni0059', 'uni005A', 'uni0061', 'uni0062', 'uni0063', 'uni0064', 'uni0065', 'uni0066', 'uni0067', 'uni0068', 'uni0069', 'uni006B', 'uni006C', 'uni006D', 'uni006E', 'uni006F', 'uni0070', 'uni0072', 'uni0073', 'uni0074', 'uni0075', 'uni0076', 'uni0077', 'uni0079', 'uni007B', 'uni007D', 'uni00C4']</msg>
<msg timestamp="20230517 15:31:55.377" level="INFO">Glyph IDs:   [0, 1, 2, 3, 65, 84, 95, 161, 280, 299, 320, 382, 395, 409, 421, 456, 469, 493, 504, 575, 582, 594, 612, 645, 650, 660, 679, 715, 723, 752, 759, 775, 827, 837, 867, 884, 899, 932, 936, 950, 1294, 1295, 1296, 1298, 1299, 1300, 1302, 1303, 1304, 1305, 1329, 1345, 1346, 1361, 1404, 1407, 1681]</msg>
<msg timestamp="20230517 15:31:55.377" level="INFO">Retaining 57 glyphs</msg>
<msg timestamp="20230517 15:31:55.377" level="INFO">head subsetting not needed</msg>
<msg timestamp="20230517 15:31:55.377" level="INFO">hhea subsetting not needed</msg>
<msg timestamp="20230517 15:31:55.377" level="INFO">maxp subsetting not needed</msg>
<msg timestamp="20230517 15:31:55.377" level="INFO">OS/2 subsetting not needed</msg>
<msg timestamp="20230517 15:31:55.377" level="INFO">hmtx subsetted</msg>
<msg timestamp="20230517 15:31:55.378" level="INFO">cmap subsetted</msg>
<msg timestamp="20230517 15:31:55.378" level="INFO">prep subsetting not needed</msg>
<msg timestamp="20230517 15:31:55.378" level="INFO">loca subsetting not needed</msg>
<msg timestamp="20230517 15:31:55.378" level="INFO">post subsetted</msg>
<msg timestamp="20230517 15:31:55.378" level="INFO">gasp subsetting not needed</msg>
<msg timestamp="20230517 15:31:55.378" level="INFO">STAT subsetting not needed</msg>
<msg timestamp="20230517 15:31:55.378" level="INFO">name subsetting not needed</msg>
<msg timestamp="20230517 15:31:55.379" level="INFO">glyf subsetted</msg>
<msg timestamp="20230517 15:31:55.379" level="INFO">head pruned</msg>
<msg timestamp="20230517 15:31:55.380" level="INFO">OS/2 Unicode ranges pruned: [0]</msg>
<msg timestamp="20230517 15:31:55.381" level="INFO">glyf pruned</msg>
<msg timestamp="20230517 15:31:55.420" level="INFO">maxp pruned</msg>
<msg timestamp="20230517 15:31:55.420" level="INFO">cmap pruned</msg>
<msg timestamp="20230517 15:31:55.420" level="INFO">post pruned</msg>
<msg timestamp="20230517 15:31:55.420" level="INFO">GDEF dropped</msg>
<msg timestamp="20230517 15:31:55.420" level="INFO">GPOS dropped</msg>
<msg timestamp="20230517 15:31:55.420" level="INFO">GSUB dropped</msg>
<msg timestamp="20230517 15:31:55.421" level="INFO">name pruned</msg>
<msg timestamp="20230517 15:31:55.424" level="INFO">glyf pruned</msg>
<msg timestamp="20230517 15:31:55.424" level="INFO">Added gid0 to subset</msg>
<msg timestamp="20230517 15:31:55.424" level="INFO">Added first four glyphs to subset</msg>
<msg timestamp="20230517 15:31:55.424" level="INFO">Closing glyph list over 'glyf': 19 glyphs before</msg>
<msg timestamp="20230517 15:31:55.424" level="INFO">Glyph names: ['.notdef', '.null', 'uni0020', 'uni0030', 'uni0031', 'uni0032', 'uni0033', 'uni0034', 'uni0035', 'uni0036', 'uni0037', 'uni0038', 'uni0039', 'uni0041', 'uni0062', 'uni006E', 'uni007B', 'uni007D', 'uni00C4']</msg>
<msg timestamp="20230517 15:31:55.425" level="INFO">Glyph IDs:   [0, 1, 2, 3, 575, 759, 1294, 1295, 1296, 1298, 1299, 1300, 1302, 1303, 1304, 1305, 1345, 1346, 1681]</msg>
<msg timestamp="20230517 15:31:55.425" level="INFO">Closed glyph list over 'glyf': 19 glyphs after</msg>
<msg timestamp="20230517 15:31:55.425" level="INFO">Glyph names: ['.notdef', '.null', 'uni0020', 'uni0030', 'uni0031', 'uni0032', 'uni0033', 'uni0034', 'uni0035', 'uni0036', 'uni0037', 'uni0038', 'uni0039', 'uni0041', 'uni0062', 'uni006E', 'uni007B', 'uni007D', 'uni00C4']</msg>
<msg timestamp="20230517 15:31:55.425" level="INFO">Glyph IDs:   [0, 1, 2, 3, 575, 759, 1294, 1295, 1296, 1298, 1299, 1300, 1302, 1303, 1304, 1305, 1345, 1346, 1681]</msg>
<msg timestamp="20230517 15:31:55.425" level="INFO">Retaining 19 glyphs</msg>
<msg timestamp="20230517 15:31:55.425" level="INFO">head subsetting not needed</msg>
<msg timestamp="20230517 15:31:55.425" level="INFO">hhea subsetting not needed</msg>
<msg timestamp="20230517 15:31:55.425" level="INFO">maxp subsetting not needed</msg>
<msg timestamp="20230517 15:31:55.425" level="INFO">OS/2 subsetting not needed</msg>
<msg timestamp="20230517 15:31:55.426" level="INFO">hmtx subsetted</msg>
<msg timestamp="20230517 15:31:55.427" level="INFO">cmap subsetted</msg>
<msg timestamp="20230517 15:31:55.427" level="INFO">prep subsetting not needed</msg>
<msg timestamp="20230517 15:31:55.427" level="INFO">loca subsetting not needed</msg>
<msg timestamp="20230517 15:31:55.427" level="INFO">post subsetted</msg>
<msg timestamp="20230517 15:31:55.427" level="INFO">gasp subsetting not needed</msg>
<msg timestamp="20230517 15:31:55.427" level="INFO">STAT subsetting not needed</msg>
<msg timestamp="20230517 15:31:55.427" level="INFO">name subsetting not needed</msg>
<msg timestamp="20230517 15:31:55.428" level="INFO">glyf subsetted</msg>
<msg timestamp="20230517 15:31:55.428" level="INFO">head pruned</msg>
<msg timestamp="20230517 15:31:55.428" level="INFO">OS/2 Unicode ranges pruned: [0]</msg>
<msg timestamp="20230517 15:31:55.428" level="INFO">glyf pruned</msg>
<msg timestamp="20230517 15:31:55.438" level="INFO">maxp pruned</msg>
<msg timestamp="20230517 15:31:55.438" level="INFO">cmap pruned</msg>
<msg timestamp="20230517 15:31:55.438" level="INFO">post pruned</msg>
<msg timestamp="20230517 15:31:55.438" level="INFO">GDEF dropped</msg>
<msg timestamp="20230517 15:31:55.438" level="INFO">GPOS dropped</msg>
<msg timestamp="20230517 15:31:55.438" level="INFO">GSUB dropped</msg>
<msg timestamp="20230517 15:31:55.438" level="INFO">name pruned</msg>
<msg timestamp="20230517 15:31:55.440" level="INFO">glyf pruned</msg>
<msg timestamp="20230517 15:31:55.442" level="INFO">Added gid0 to subset</msg>
<msg timestamp="20230517 15:31:55.442" level="INFO">Added first four glyphs to subset</msg>
<msg timestamp="20230517 15:31:55.442" level="INFO">Closing glyph list over 'glyf': 18 glyphs before</msg>
<msg timestamp="20230517 15:31:55.442" level="INFO">Glyph names: ['.notdef', '.null', 'uni0020', 'uni0030', 'uni0031', 'uni0032', 'uni0033', 'uni0034', 'uni0035', 'uni0036', 'uni0037', 'uni0038', 'uni0039', 'uni0062', 'uni006E', 'uni007B', 'uni007D', 'uni00A0']</msg>
<msg timestamp="20230517 15:31:55.443" level="INFO">Glyph IDs:   [0, 1, 2, 3, 544, 727, 1256, 1257, 1258, 1260, 1261, 1262, 1264, 1265, 1266, 1267, 1307, 1308]</msg>
<msg timestamp="20230517 15:31:55.443" level="INFO">Closed glyph list over 'glyf': 18 glyphs after</msg>
<msg timestamp="20230517 15:31:55.443" level="INFO">Glyph names: ['.notdef', '.null', 'uni0020', 'uni0030', 'uni0031', 'uni0032', 'uni0033', 'uni0034', 'uni0035', 'uni0036', 'uni0037', 'uni0038', 'uni0039', 'uni0062', 'uni006E', 'uni007B', 'uni007D', 'uni00A0']</msg>
<msg timestamp="20230517 15:31:55.443" level="INFO">Glyph IDs:   [0, 1, 2, 3, 544, 727, 1256, 1257, 1258, 1260, 1261, 1262, 1264, 1265, 1266, 1267, 1307, 1308]</msg>
<msg timestamp="20230517 15:31:55.443" level="INFO">Retaining 18 glyphs</msg>
<msg timestamp="20230517 15:31:55.443" level="INFO">head subsetting not needed</msg>
<msg timestamp="20230517 15:31:55.443" level="INFO">hhea subsetting not needed</msg>
<msg timestamp="20230517 15:31:55.443" level="INFO">maxp subsetting not needed</msg>
<msg timestamp="20230517 15:31:55.443" level="INFO">OS/2 subsetting not needed</msg>
<msg timestamp="20230517 15:31:55.444" level="INFO">hmtx subsetted</msg>
<msg timestamp="20230517 15:31:55.445" level="INFO">cmap subsetted</msg>
<msg timestamp="20230517 15:31:55.445" level="INFO">loca subsetting not needed</msg>
<msg timestamp="20230517 15:31:55.445" level="INFO">post subsetted</msg>
<msg timestamp="20230517 15:31:55.445" level="INFO">name subsetting not needed</msg>
<msg timestamp="20230517 15:31:55.446" level="INFO">glyf subsetted</msg>
<msg timestamp="20230517 15:31:55.446" level="INFO">head pruned</msg>
<msg timestamp="20230517 15:31:55.446" level="INFO">OS/2 Unicode ranges pruned: [0]</msg>
<msg timestamp="20230517 15:31:55.446" level="INFO">glyf pruned</msg>
<msg timestamp="20230517 15:31:55.456" level="INFO">maxp pruned</msg>
<msg timestamp="20230517 15:31:55.456" level="INFO">cmap pruned</msg>
<msg timestamp="20230517 15:31:55.456" level="INFO">post pruned</msg>
<msg timestamp="20230517 15:31:55.456" level="INFO">GDEF dropped</msg>
<msg timestamp="20230517 15:31:55.456" level="INFO">GPOS dropped</msg>
<msg timestamp="20230517 15:31:55.456" level="INFO">GSUB dropped</msg>
<msg timestamp="20230517 15:31:55.456" level="INFO">name pruned</msg>
<msg timestamp="20230517 15:31:55.458" level="INFO">glyf pruned</msg>
<msg timestamp="20230517 15:31:55.460" level="INFO">Added gid0 to subset</msg>
<msg timestamp="20230517 15:31:55.460" level="INFO">Added first four glyphs to subset</msg>
<msg timestamp="20230517 15:31:55.460" level="INFO">Closing glyph list over 'glyf': 18 glyphs before</msg>
<msg timestamp="20230517 15:31:55.460" level="INFO">Glyph names: ['.notdef', '.null', 'uni0020', 'uni0030', 'uni0031', 'uni0032', 'uni0033', 'uni0034', 'uni0035', 'uni0036', 'uni0037', 'uni0038', 'uni0039', 'uni0062', 'uni006E', 'uni007B', 'uni007D', 'uni00A0']</msg>
<msg timestamp="20230517 15:31:55.460" level="INFO">Glyph IDs:   [0, 1, 2, 3, 544, 727, 1256, 1257, 1258, 1260, 1261, 1262, 1264, 1265, 1266, 1267, 1307, 1308]</msg>
<msg timestamp="20230517 15:31:55.460" level="INFO">Closed glyph list over 'glyf': 18 glyphs after</msg>
<msg timestamp="20230517 15:31:55.460" level="INFO">Glyph names: ['.notdef', '.null', 'uni0020', 'uni0030', 'uni0031', 'uni0032', 'uni0033', 'uni0034', 'uni0035', 'uni0036', 'uni0037', 'uni0038', 'uni0039', 'uni0062', 'uni006E', 'uni007B', 'uni007D', 'uni00A0']</msg>
<msg timestamp="20230517 15:31:55.460" level="INFO">Glyph IDs:   [0, 1, 2, 3, 544, 727, 1256, 1257, 1258, 1260, 1261, 1262, 1264, 1265, 1266, 1267, 1307, 1308]</msg>
<msg timestamp="20230517 15:31:55.460" level="INFO">Retaining 18 glyphs</msg>
<msg timestamp="20230517 15:31:55.460" level="INFO">head subsetting not needed</msg>
<msg timestamp="20230517 15:31:55.460" level="INFO">hhea subsetting not needed</msg>
<msg timestamp="20230517 15:31:55.461" level="INFO">maxp subsetting not needed</msg>
<msg timestamp="20230517 15:31:55.461" level="INFO">OS/2 subsetting not needed</msg>
<msg timestamp="20230517 15:31:55.461" level="INFO">hmtx subsetted</msg>
<msg timestamp="20230517 15:31:55.462" level="INFO">cmap subsetted</msg>
<msg timestamp="20230517 15:31:55.462" level="INFO">loca subsetting not needed</msg>
<msg timestamp="20230517 15:31:55.462" level="INFO">post subsetted</msg>
<msg timestamp="20230517 15:31:55.462" level="INFO">name subsetting not needed</msg>
<msg timestamp="20230517 15:31:55.463" level="INFO">glyf subsetted</msg>
<msg timestamp="20230517 15:31:55.463" level="INFO">head pruned</msg>
<msg timestamp="20230517 15:31:55.463" level="INFO">OS/2 Unicode ranges pruned: [0]</msg>
<msg timestamp="20230517 15:31:55.463" level="INFO">glyf pruned</msg>
<status status="PASS" starttime="20230517 15:31:55.316" endtime="20230517 15:31:55.473"/>
</kw>
<msg timestamp="20230517 15:31:55.473" level="INFO">${pdf_file} = C:\Users\Bhavya Soni\PycharmProjects\my-rsb-robot\tasks\pdf_folder\ORDER_NUMBER=RSB-ROBO-ORDER-UE2NAY3LR5.pdf</msg>
<status status="PASS" starttime="20230517 15:31:55.304" endtime="20230517 15:31:55.473"/>
</kw>
<kw name="Embed the screenshot to pdf">
<arg>${pdf_file}</arg>
<arg>${image_file}</arg>
<kw name="Open Pdf" library="RPA.PDF">
<arg>${pdf}</arg>
<doc>Open a PDF document for reading.</doc>
<status status="PASS" starttime="20230517 15:31:55.474" endtime="20230517 15:31:55.481"/>
</kw>
<kw name="Create List" library="BuiltIn">
<var>@{files}</var>
<arg>${images}:x=0,y=0</arg>
<doc>Returns a list containing given items.</doc>
<msg timestamp="20230517 15:31:55.482" level="INFO">@{files} = [ C:\Users\Bhavya Soni\PycharmProjects\my-rsb-robot\tasks\image_files\RSB-ROBO-ORDER-UE2NAY3LR5.png:x=0,y=0 ]</msg>
<status status="PASS" starttime="20230517 15:31:55.482" endtime="20230517 15:31:55.483"/>
</kw>
<kw name="Add Files To Pdf" library="RPA.PDF">
<arg>${files}</arg>
<arg>${pdf}</arg>
<doc>Add images and/or pdfs to new PDF document.</doc>
<msg timestamp="20230517 15:31:55.487" level="INFO">File C:\Users\Bhavya Soni\PycharmProjects\my-rsb-robot\tasks\image_files\RSB-ROBO-ORDER-UE2NAY3LR5.png type: png</msg>
<msg timestamp="20230517 15:31:55.487" level="INFO">Image parameters: {'x': '0', 'y': '0'}</msg>
<status status="PASS" starttime="20230517 15:31:55.483" endtime="20230517 15:31:55.513"/>
</kw>
<kw name="Close Pdf" library="RPA.PDF">
<arg>${pdf}</arg>
<doc>Close PDF file descriptor for a certain file.</doc>
<msg timestamp="20230517 15:31:55.514" level="INFO">Closing PDF document: C:\Users\Bhavya Soni\PycharmProjects\my-rsb-robot\tasks\pdf_folder\ORDER_NUMBER=RSB-ROBO-ORDER-UE2NAY3LR5.pdf</msg>
<status status="PASS" starttime="20230517 15:31:55.514" endtime="20230517 15:31:55.514"/>
</kw>
<status status="PASS" starttime="20230517 15:31:55.474" endtime="20230517 15:31:55.514"/>
</kw>
<kw name="Order Another Robot">
<kw name="Click Button" library="RPA.Browser.Selenium">
<arg>(//button[@id='order-another'])[1]</arg>
<doc>Clicks the button identified by ``locator``.</doc>
<msg timestamp="20230517 15:31:55.515" level="INFO">Clicking button '(//button[@id='order-another'])[1]'.</msg>
<status status="PASS" starttime="20230517 15:31:55.515" endtime="20230517 15:31:55.689"/>
</kw>
<status status="PASS" starttime="20230517 15:31:55.515" endtime="20230517 15:31:55.690"/>
</kw>
<status status="PASS" starttime="20230517 15:31:54.646" endtime="20230517 15:31:55.690"/>
</iter>
<status status="PASS" starttime="20230517 15:31:21.154" endtime="20230517 15:31:55.690"/>
</for>
<kw name="Create a Zip File of the Receipts">
<kw name="Archive Folder With Zip" library="RPA.Archive">
<arg>${pdf_folder}</arg>
<arg>${zip_file}</arg>
<arg>recursive=True</arg>
<arg>include=*.pdf</arg>
<doc>Create a zip archive of a folder</doc>
<status status="PASS" starttime="20230517 15:31:55.691" endtime="20230517 15:31:55.819"/>
</kw>
<status status="PASS" starttime="20230517 15:31:55.691" endtime="20230517 15:31:55.820"/>
</kw>
<status status="PASS" starttime="20230517 15:31:18.725" endtime="20230517 15:31:55.820"/>
</test>
<doc>Orders robots from RobotSpareBin Industries Inc.
Saves the order HTML receipt as a PDF file.
Saves the screenshot of the ordered robot.
Embeds the screenshot of the robot to the PDF receipt.
Creates ZIP archive of the receipts and the images.</doc>
<status status="PASS" starttime="20230517 15:31:18.101" endtime="20230517 15:31:55.821"/>
</suite>
<statistics>
<total>
<stat pass="1" fail="0" skip="0">All Tasks</stat>
</total>
<tag>
</tag>
<suite>
<stat pass="1" fail="0" skip="0" id="s1" name="Order Robot">Order Robot</stat>
</suite>
</statistics>
<errors>
</errors>
</robot>
